<?xml version="1.0" encoding="UTF-8"?>
<testsuite xmlns:xsi="http://www.w3.org/2001/XMLSchema-instance" xsi:noNamespaceSchemaLocation="https://maven.apache.org/surefire/maven-surefire-plugin/xsd/surefire-test-report-3.0.xsd" version="3.0" name="TestSuite" time="97.74" tests="6" errors="0" skipped="0" failures="0">
  <properties>
[...]
</properties>
  <testcase name="open_RFNO_CSR_Page_Testing[OFQ_100](1)" classname="org.project.Test_Cases" time="8.387">
    <system-out><![CDATA[Current System: OFQ_100
2023-02-27 11:22:01 INFO  Waitings:407 - TOTAL TIME that LOCATOR PANEL page was loading: 1.121 seconds.
2023-02-27 11:22:01 INFO  Waitings:407 - TOTAL TIME that GROUP SETTINGS PANEL page was loading: 0.021 seconds.
2023-02-27 11:22:01 INFO  Waitings:407 - TOTAL TIME that 'PAGE: DROPDOWN' page was loading: 0.014 seconds.
2023-02-27 11:22:03 INFO  Waitings:407 - TOTAL TIME that 'RESET TO DEFAULT CSR GROUPS PAGE' menu item page was loading: 0.023 seconds.
2023-02-27 11:22:04 INFO  LandingPage:1635 - SET TO DEFAULT menu item was SUCCESSFULLY clicked on.
2023-02-27 11:22:05 INFO  Waitings:86 - TOTAL TIME that the CSR GROUPS PAGE after clicking on 'SET TO DEFAULT' menu item on PERSONALIZATION dropdown page was loading: 1.089 seconds.
Current value of the 'PAGE:' dropdown is: CSR Groups
2023-02-27 11:22:06 INFO  LandingPage:2223 - Input 'PAGE:' has the default value of 'CSR Groups' AS EXPECTED.
The toggler on the 'Group Settings' has the status of 'COLLAPSE'.
The class of the 'Group Settings' tab is equal to 'LSPNSTENDMORESEL'.
]]></system-out>
    <system-err><![CDATA[Starting ChromeDriver 110.0.5481.77 (65ed616c6e8ee3fe0ad64fe83796c020644d42af-refs/branch-heads/5481@{#839}) on port 10460
Only local connections are allowed.
Please see https://chromedriver.chromium.org/security-considerations for suggestions on keeping ChromeDriver safe.
ChromeDriver was started successfully.
[1677493320.057][WARNING]: virtual void DevToolsClientImpl::AddListener(DevToolsEventListener *) subscribing a listener to the already connected DevToolsClient. Connection notification will not arrive.
Feb 27, 2023 11:22:00 AM org.openqa.selenium.remote.ProtocolHandshake createSession
INFO: Detected dialect: W3C
]]></system-err>
  </testcase>
  <testcase name="findAndSelectGroupInLocator_Testing[CSR - DNT](1)" classname="org.project.Test_Cases" time="12.532">
    <system-out><![CDATA[2023-02-27 11:22:08 INFO  Locator_DocCompare:1459 - All required panels on the GROUP SETTINGS main page are displayed as EXPECTED.
The toggler on the 'Search Criteria' has the status of 'LSHEADERAREA--TOGGLE-BUTTON LSHEADERAREA--TOGGLE-EXPANDED'.
The 'Attribute Selection' input has the value of: 'CSR GROUP ID'.
2023-02-27 11:22:08 INFO  Locator_DocCompare:1524 - The ATTRIBUTE SELECTION input has the value of 'CSR Group ID' selected by default (AS EXPECTED).
2023-02-27 11:22:11 INFO  Waitings:86 - TOTAL TIME that the PERSONALIZATION POPUP page was loading: 1.555 seconds.
Class value for 'Set to Default' button: lsButton lsButton--base lsTbarBtnStd urInlineMetricTop urNoUserSelect urBtnRadius  lsButton--up lsButton--design-standard  lsButton--disabled
2023-02-27 11:22:13 INFO  LandingPage:209 - The 'SAVE' button (on 'PERSONALIZATION' popup) was clicked to save Default Settings.
2023-02-27 11:22:15 INFO  Waitings:86 - TOTAL TIME that the DATA COLLATION PAGE after closing PERSONALIZATION popup page was loading: 2.09 seconds.
2023-02-27 11:22:17 INFO  Locator_DocCompare:1086 - The 'SEARCH' button was SUCCESSFULLY clicked on.
2023-02-27 11:22:17 INFO  Waitings:407 - TOTAL TIME that RESULTS LIST TABLE page was loading: 0.188 seconds.
Number of non-empty rows in the SEARCH RESULTS table: 8
Number of columns in the SEARCH RESULTS table: 2
Counter of Needed columns in the SEARCH RESULTS table: 1
SPAN element Text in the SEARCH RESULTS table: CSR Group ID
		
 
Number of rows with group names in the 'CSR GROUP ID' column in SEARCH RESULTS table: 8
2023-02-27 11:22:19 INFO  Locator_DocCompare:1261 - The row with value of 'CSR - DNT' in column 'CSR GROUP ID' in SEARCH RESULTS table was SUCCESSFULLY found and CLICKED.
The property value is: lsButton lsButton--base lsTbarBtnStd urInlineMetricTop urNoUserSelect urBtnRadius  urBtnStdValign  lsButton--toolbar-image  lsButton--active  lsButton--focusable  lsButton--up lsButton--design-standard 
2023-02-27 11:22:20 INFO  Waitings:289 - TOTAL TIME that the START CSR ANALYSIS button web-element was loading: 1.079 seconds.
]]></system-out>
  </testcase>
  <testcase name="prior_CSR_Analysis_Results_Testing" classname="org.project.Test_Cases" time="11.429">
    <system-out><![CDATA[2023-02-27 11:22:21 INFO  CSR_AnalysisResults:1662 - The 'START CSR ANALYSIS' button (on 'CSR GROUP' page) was clicked.
2023-02-27 11:22:22 INFO  Waitings:40 - TOTAL TIME that the RESULTS OF CSR ANALYSIS popup -> RESULTS LIST table web-element was loading: 1.02 seconds.
2023-02-27 11:22:22 INFO  Waitings:40 - TOTAL TIME that the RESULTS OF CSR ANALYSIS popup -> LOG MESSAGES table web-element was loading: 0.108 seconds.
2023-02-27 11:22:22 INFO  CSR_AnalysisResults:1560 - The 'PERSONALIZATION' button for RESULTS OF CSR ANALYSIS -> RESULTS LIST table was SUCCESSFULLY clicked.
2023-02-27 11:22:23 INFO  Waitings:86 - TOTAL TIME that the PERSONALIZATION POPUP for RESULTS OF CSR ANALYSIS -> RESULTS LIST table page was loading: 1.431 seconds.
Class value for 'Set to Default' button: lsButton lsButton--base lsTbarBtnStd urInlineMetricTop urNoUserSelect urBtnRadius  lsButton--up lsButton--design-standard  lsButton--disabled
2023-02-27 11:22:24 INFO  CSR_AnalysisResults:1424 - The 'Set to Default' button (on 'PERSONALIZATION' popup for RESULTS OF CSR ANALYSIS -> RESULTS LIST table) was detected to be in DISABLED status BY DEFAULT.
2023-02-27 11:22:24 INFO  CSR_AnalysisResults:1433 - The 'Save' button (on 'PERSONALIZATION' popup for RESULTS OF CSR ANALYSIS -> RESULTS LIST table) was SUCCESSFULLY clicked.
2023-02-27 11:22:24 INFO  Waitings:40 - TOTAL TIME that the RESULTS OF CSR ANALYSIS popup -> RESULTS LIST table web-element was loading: 0.02 seconds.
2023-02-27 11:22:25 INFO  Waitings:86 - TOTAL TIME that the RESULTS OF CSR ANALYSIS popup -> LOG MESSAGES table page was loading: 1.047 seconds.
2023-02-27 11:22:26 INFO  CSR_AnalysisResults:1522 - The 'PERSONALIZATION' button for RESULTS OF CSR ANALYSIS -> LOG table was SUCCESSFULLY clicked.
2023-02-27 11:22:28 INFO  Waitings:86 - TOTAL TIME that the PERSONALIZATION POPUP for RESULTS OF CSR ANALYSIS -> LOG table page was loading: 1.426 seconds.
Class value for 'Set to Default' button: lsButton lsButton--base lsTbarBtnStd urInlineMetricTop urNoUserSelect urBtnRadius  lsButton--active  lsButton--focusable  lsButton--up lsButton--design-standard 
2023-02-27 11:22:29 INFO  CSR_AnalysisResults:1275 - The 'Set to Default' button (on 'PERSONALIZATION' popup for RESULTS OF CSR ANALYSIS -> LOG table) was detected to be ENABLED.
2023-02-27 11:22:29 INFO  CSR_AnalysisResults:1281 - The 'Set to Default' button (on 'PERSONALIZATION' popup for RESULTS OF CSR ANALYSIS -> LOG table) was clicked.
2023-02-27 11:22:29 INFO  Waitings:40 - TOTAL TIME that the RESULTS OF CSR ANALYSIS popup -> RESULTS LIST table web-element was loading: 0.019 seconds.
2023-02-27 11:22:30 INFO  Waitings:86 - TOTAL TIME that the RESULTS OF CSR ANALYSIS popup -> LOG MESSAGES table page was loading: 1.041 seconds.
]]></system-out>
  </testcase>
  <testcase name="readAnalysisAndLogTables_beforeProcessing_Testing" classname="org.project.Test_Cases" time="12.554">
    <system-out><![CDATA[Number of columns in the RESULTS LIST table: 12
Counter of Needed columns in the RESULTS LIST table: 1
SPAN element Text in the RESULTS LIST table: Active
		
 
Counter of Needed columns in the RESULTS LIST table: 1
SPAN element Text in the RESULTS LIST table: CSR Object Name
		
 
Counter of Needed columns in the RESULTS LIST table: 1
SPAN element Text in the RESULTS LIST table: CSR Object Key
		
 
Counter of Needed columns in the RESULTS LIST table: 1
SPAN element Text in the RESULTS LIST table: CSR Subobject
		
 
Counter of Needed columns in the RESULTS LIST table: 1
SPAN element Text in the RESULTS LIST table: CSR Subobject Key
		
 
Counter of Needed columns in the RESULTS LIST table: 1
SPAN element Text in the RESULTS LIST table: Material
		
 
Sequential Number of the 'MATERIAL' column is: 6
Counter of Needed columns in the RESULTS LIST table: 1
SPAN element Text in the RESULTS LIST table: Material description
		
 
Counter of Needed columns in the RESULTS LIST table: 1
SPAN element Text in the RESULTS LIST table: Delivery ID
		
 
Counter of Needed columns in the RESULTS LIST table: 1
SPAN element Text in the RESULTS LIST table: Delivery Date
		
 
Counter of Needed columns in the RESULTS LIST table: 1
SPAN element Text in the RESULTS LIST table: Delivery Time
		
 
Counter of Needed columns in the RESULTS LIST table: 1
SPAN element Text in the RESULTS LIST table: Delivery Quantity
		
 
Counter of Needed columns in the RESULTS LIST table: 1
SPAN element Text in the RESULTS LIST table: Delivery Unit
	
Number of columns in the RESULTS LIST table: 12
Counter of Needed columns in the RESULTS LIST table: 1
SPAN element Text in the RESULTS LIST table: Active
		
 
Counter of Needed columns in the RESULTS LIST table: 1
SPAN element Text in the RESULTS LIST table: CSR Object Name
		
 
Counter of Needed columns in the RESULTS LIST table: 1
SPAN element Text in the RESULTS LIST table: CSR Object Key
		
 
Counter of Needed columns in the RESULTS LIST table: 1
SPAN element Text in the RESULTS LIST table: CSR Subobject
		
 
Counter of Needed columns in the RESULTS LIST table: 1
SPAN element Text in the RESULTS LIST table: CSR Subobject Key
		
 
Counter of Needed columns in the RESULTS LIST table: 1
SPAN element Text in the RESULTS LIST table: Material
		
 
Counter of Needed columns in the RESULTS LIST table: 1
SPAN element Text in the RESULTS LIST table: Material description
		
 
Counter of Needed columns in the RESULTS LIST table: 1
SPAN element Text in the RESULTS LIST table: Delivery ID
		
 
Sequential Number of the 'DELIVERY ID' column is: 8
Counter of Needed columns in the RESULTS LIST table: 1
SPAN element Text in the RESULTS LIST table: Delivery Date
		
 
Counter of Needed columns in the RESULTS LIST table: 1
SPAN element Text in the RESULTS LIST table: Delivery Time
		
 
Counter of Needed columns in the RESULTS LIST table: 1
SPAN element Text in the RESULTS LIST table: Delivery Quantity
		
 
Counter of Needed columns in the RESULTS LIST table: 1
SPAN element Text in the RESULTS LIST table: Delivery Unit
	
Number of columns in the RESULTS LIST table: 12
Counter of Needed columns in the RESULTS LIST table: 1
SPAN element Text in the RESULTS LIST table: Active
		
 
Counter of Needed columns in the RESULTS LIST table: 1
SPAN element Text in the RESULTS LIST table: CSR Object Name
		
 
Counter of Needed columns in the RESULTS LIST table: 1
SPAN element Text in the RESULTS LIST table: CSR Object Key
		
 
Counter of Needed columns in the RESULTS LIST table: 1
SPAN element Text in the RESULTS LIST table: CSR Subobject
		
 
Counter of Needed columns in the RESULTS LIST table: 1
SPAN element Text in the RESULTS LIST table: CSR Subobject Key
		
 
Counter of Needed columns in the RESULTS LIST table: 1
SPAN element Text in the RESULTS LIST table: Material
		
 
Counter of Needed columns in the RESULTS LIST table: 1
SPAN element Text in the RESULTS LIST table: Material description
		
 
Counter of Needed columns in the RESULTS LIST table: 1
SPAN element Text in the RESULTS LIST table: Delivery ID
		
 
Counter of Needed columns in the RESULTS LIST table: 1
SPAN element Text in the RESULTS LIST table: Delivery Date
		
 
Counter of Needed columns in the RESULTS LIST table: 1
SPAN element Text in the RESULTS LIST table: Delivery Time
		
 
Counter of Needed columns in the RESULTS LIST table: 1
SPAN element Text in the RESULTS LIST table: Delivery Quantity
		
 
Number of the 'DELIVERY QUANTITY' column is: 11
Counter of Needed columns in the RESULTS LIST table: 1
SPAN element Text in the RESULTS LIST table: Delivery Unit
	
Number of TR tags in TBODY [1] tag in the 'RESULTS OF CSR ANALYSIS popup -> RESULTS LIST table': 5
2023-02-27 11:22:33 INFO  Waitings:40 - TOTAL TIME that the NEXT DYNAMICALLY LOADED ROW in 'RESULTS LIST' Table web-element was loading: 0.015 seconds.
2023-02-27 11:22:33 INFO  Waitings:40 - TOTAL TIME that the NEXT DYNAMICALLY LOADED ROW in 'RESULTS LIST' Table web-element was loading: 0.025 seconds.
2023-02-27 11:22:33 INFO  Waitings:40 - TOTAL TIME that the NEXT DYNAMICALLY LOADED ROW in 'RESULTS LIST' Table web-element was loading: 0.048 seconds.
2023-02-27 11:22:33 INFO  Waitings:40 - TOTAL TIME that the NEXT DYNAMICALLY LOADED ROW in 'RESULTS LIST' Table web-element was loading: 0.056 seconds.
2023-02-27 11:22:34 INFO  Waitings:40 - TOTAL TIME that the NEXT DYNAMICALLY LOADED ROW in 'RESULTS LIST' Table web-element was loading: 0.031 seconds.
Number of TBODY sections was dynamically updated to [3]
Number of TR tags in TBODY [2] tag in the 'RESULTS OF CSR ANALYSIS popup -> RESULTS LIST table': 6
2023-02-27 11:22:34 INFO  Waitings:40 - TOTAL TIME that the NEXT DYNAMICALLY LOADED ROW in 'RESULTS LIST' Table web-element was loading: 0.015 seconds.
2023-02-27 11:22:34 INFO  Waitings:40 - TOTAL TIME that the NEXT DYNAMICALLY LOADED ROW in 'RESULTS LIST' Table web-element was loading: 0.028 seconds.
2023-02-27 11:22:34 INFO  Waitings:40 - TOTAL TIME that the NEXT DYNAMICALLY LOADED ROW in 'RESULTS LIST' Table web-element was loading: 0.03 seconds.
2023-02-27 11:22:34 INFO  Waitings:40 - TOTAL TIME that the NEXT DYNAMICALLY LOADED ROW in 'RESULTS LIST' Table web-element was loading: 0.022 seconds.
2023-02-27 11:22:34 INFO  Waitings:40 - TOTAL TIME that the NEXT DYNAMICALLY LOADED ROW in 'RESULTS LIST' Table web-element was loading: 0.02 seconds.
2023-02-27 11:22:34 INFO  Waitings:40 - TOTAL TIME that the NEXT DYNAMICALLY LOADED ROW in 'RESULTS LIST' Table web-element was loading: 0.021 seconds.
Number of TR tags in TBODY [3] tag in the 'RESULTS OF CSR ANALYSIS popup -> RESULTS LIST table': 1
2023-02-27 11:22:34 INFO  Waitings:40 - TOTAL TIME that the NEXT DYNAMICALLY LOADED ROW in 'RESULTS LIST' Table web-element was loading: 0.015 seconds.
The TOTAL number of rows in RESULTS LIST table is: 12
The height of the vertical scroll bar in 'RESULTS LIST' table is: 102
The number of default row blocks in RESULTS LIST table is: 3
Number of TR tags in TBODY [1] tag in the 'RESULTS OF CSR ANALYSIS popup -> RESULTS LIST table': 5
Value from MATERIAL column, row #1 from BLOCK #1 is:RF01
Value from DELIVERY ID column, row #1 from BLOCK #1 is:01
Value from DELIVERY QUANTITY column, row #1 from BLOCK #1 is:8.000,000
Value from MATERIAL column, row #2 from BLOCK #1 is:RF02
Value from DELIVERY ID column, row #2 from BLOCK #1 is:01
Value from DELIVERY QUANTITY column, row #2 from BLOCK #1 is:8.000,000
Value from MATERIAL column, row #3 from BLOCK #1 is:RF03
Value from DELIVERY ID column, row #3 from BLOCK #1 is:01
Value from DELIVERY QUANTITY column, row #3 from BLOCK #1 is:8.000,000
Value from MATERIAL column, row #4 from BLOCK #1 is:RF04
Value from DELIVERY ID column, row #4 from BLOCK #1 is:01
Value from DELIVERY QUANTITY column, row #4 from BLOCK #1 is:8.000,000
Value from MATERIAL column, row #5 from BLOCK #1 is:RF01
Value from DELIVERY ID column, row #5 from BLOCK #1 is:02
Value from DELIVERY QUANTITY column, row #5 from BLOCK #1 is:5.901,568
Number of TR tags in TBODY [2] tag in the 'RESULTS OF CSR ANALYSIS popup -> RESULTS LIST table': 6
Value from MATERIAL column, row #1 from BLOCK #2 is:RF02
Value from DELIVERY ID column, row #1 from BLOCK #2 is:02
Value from DELIVERY QUANTITY column, row #1 from BLOCK #2 is:5.901,568
Value from MATERIAL column, row #2 from BLOCK #2 is:RF03
Value from DELIVERY ID column, row #2 from BLOCK #2 is:02
Value from DELIVERY QUANTITY column, row #2 from BLOCK #2 is:5.901,568
Value from MATERIAL column, row #3 from BLOCK #2 is:RF04
Value from DELIVERY ID column, row #3 from BLOCK #2 is:02
Value from DELIVERY QUANTITY column, row #3 from BLOCK #2 is:5.901,568
Value from MATERIAL column, row #4 from BLOCK #2 is:RF01
Value from DELIVERY ID column, row #4 from BLOCK #2 is:03
Value from DELIVERY QUANTITY column, row #4 from BLOCK #2 is:5.853,620
Value from MATERIAL column, row #5 from BLOCK #2 is:RF02
Value from DELIVERY ID column, row #5 from BLOCK #2 is:03
Value from DELIVERY QUANTITY column, row #5 from BLOCK #2 is:5.853,620
Value from MATERIAL column, row #6 from BLOCK #2 is:RF03
Value from DELIVERY ID column, row #6 from BLOCK #2 is:03
Value from DELIVERY QUANTITY column, row #6 from BLOCK #2 is:5.853,620
Number of TR tags in TBODY [3] tag in the 'RESULTS OF CSR ANALYSIS popup -> RESULTS LIST table': 1
Value from MATERIAL column, row #1 from BLOCK #3 is:RF04
Value from DELIVERY ID column, row #1 from BLOCK #3 is:03
Value from DELIVERY QUANTITY column, row #1 from BLOCK #3 is:5.853,620
Size of ARRAY: 3
RF01	RF02	RF03	RF04	RF01	RF02	RF03	RF04	RF01	RF02	RF03	RF04	
01	01	01	01	02	02	02	02	03	03	03	03	
8.000,000	8.000,000	8.000,000	8.000,000	5.901,568	5.901,568	5.901,568	5.901,568	5.853,620	5.853,620	5.853,620	5.853,620	
Size of Array:12
RETRIEVED 'MATERIAL': RF01
RETRIEVED 'MATERIAL': RF02
RETRIEVED 'MATERIAL': RF03
RETRIEVED 'MATERIAL': RF04
RETRIEVED 'MATERIAL': RF01
RETRIEVED 'MATERIAL': RF02
RETRIEVED 'MATERIAL': RF03
RETRIEVED 'MATERIAL': RF04
RETRIEVED 'MATERIAL': RF01
RETRIEVED 'MATERIAL': RF02
RETRIEVED 'MATERIAL': RF03
RETRIEVED 'MATERIAL': RF04
RETRIEVED UNIQUE 'MATERIALS before processing': RF02
2023-02-27 11:22:37 INFO  CSR_AnalysisResults:119 - RETRIEVED UNIQUE 'MATERIALS before processing': RF02
RETRIEVED UNIQUE 'MATERIALS before processing': RF03
2023-02-27 11:22:37 INFO  CSR_AnalysisResults:119 - RETRIEVED UNIQUE 'MATERIALS before processing': RF03
RETRIEVED UNIQUE 'MATERIALS before processing': RF01
2023-02-27 11:22:37 INFO  CSR_AnalysisResults:119 - RETRIEVED UNIQUE 'MATERIALS before processing': RF01
RETRIEVED UNIQUE 'MATERIALS before processing': RF04
2023-02-27 11:22:37 INFO  CSR_AnalysisResults:119 - RETRIEVED UNIQUE 'MATERIALS before processing': RF04
Number of columns in the LOG MESSAGES table: 3
Counter of Needed columns in the LOG MESSAGES table: 1
SPAN element Text in the RESULTS LIST table: Notification Category
		
 
Counter of Needed columns in the LOG MESSAGES table: 1
SPAN element Text in the RESULTS LIST table: Message text
		
 
Sequential Number of the 'MESSAGE TEXT' column is: 2
Counter of Needed columns in the LOG MESSAGES table: 1
SPAN element Text in the RESULTS LIST table: Actions
Number of TBODY tags in the 'RESULTS OF CSR ANALYSIS popup -> LOG MESSAGES table': 2
Number of TR tags in TBODY [1] tag in the 'RESULTS OF CSR ANALYSIS popup -> LOG MESSAGES table': 5
2023-02-27 11:22:38 INFO  Waitings:40 - TOTAL TIME that the NEXT DYNAMICALLY LOADED ROW in 'LOG MESSAGES' Table web-element was loading: 0.016 seconds.
2023-02-27 11:22:38 INFO  Waitings:40 - TOTAL TIME that the NEXT DYNAMICALLY LOADED ROW in 'LOG MESSAGES' Table web-element was loading: 0.022 seconds.
2023-02-27 11:22:38 INFO  Waitings:40 - TOTAL TIME that the NEXT DYNAMICALLY LOADED ROW in 'LOG MESSAGES' Table web-element was loading: 0.025 seconds.
2023-02-27 11:22:38 INFO  Waitings:40 - TOTAL TIME that the NEXT DYNAMICALLY LOADED ROW in 'LOG MESSAGES' Table web-element was loading: 0.034 seconds.
2023-02-27 11:22:38 INFO  Waitings:40 - TOTAL TIME that the NEXT DYNAMICALLY LOADED ROW in 'LOG MESSAGES' Table web-element was loading: 0.028 seconds.
Number of TBODY sections was dynamically updated to [4]
Number of TR tags in TBODY [2] tag in the 'RESULTS OF CSR ANALYSIS popup -> LOG MESSAGES table': 6
2023-02-27 11:22:38 INFO  Waitings:40 - TOTAL TIME that the NEXT DYNAMICALLY LOADED ROW in 'LOG MESSAGES' Table web-element was loading: 0.015 seconds.
2023-02-27 11:22:38 INFO  Waitings:40 - TOTAL TIME that the NEXT DYNAMICALLY LOADED ROW in 'LOG MESSAGES' Table web-element was loading: 0.027 seconds.
2023-02-27 11:22:38 INFO  Waitings:40 - TOTAL TIME that the NEXT DYNAMICALLY LOADED ROW in 'LOG MESSAGES' Table web-element was loading: 0.027 seconds.
2023-02-27 11:22:39 INFO  Waitings:40 - TOTAL TIME that the NEXT DYNAMICALLY LOADED ROW in 'LOG MESSAGES' Table web-element was loading: 0.028 seconds.
2023-02-27 11:22:39 INFO  Waitings:40 - TOTAL TIME that the NEXT DYNAMICALLY LOADED ROW in 'LOG MESSAGES' Table web-element was loading: 0.024 seconds.
2023-02-27 11:22:39 INFO  Waitings:40 - TOTAL TIME that the NEXT DYNAMICALLY LOADED ROW in 'LOG MESSAGES' Table web-element was loading: 0.024 seconds.
Number of TR tags in TBODY [3] tag in the 'RESULTS OF CSR ANALYSIS popup -> LOG MESSAGES table': 6
2023-02-27 11:22:39 INFO  Waitings:40 - TOTAL TIME that the NEXT DYNAMICALLY LOADED ROW in 'LOG MESSAGES' Table web-element was loading: 0.015 seconds.
2023-02-27 11:22:39 INFO  Waitings:40 - TOTAL TIME that the NEXT DYNAMICALLY LOADED ROW in 'LOG MESSAGES' Table web-element was loading: 0.029 seconds.
2023-02-27 11:22:39 INFO  Waitings:40 - TOTAL TIME that the NEXT DYNAMICALLY LOADED ROW in 'LOG MESSAGES' Table web-element was loading: 0.029 seconds.
2023-02-27 11:22:39 INFO  Waitings:40 - TOTAL TIME that the NEXT DYNAMICALLY LOADED ROW in 'LOG MESSAGES' Table web-element was loading: 0.031 seconds.
2023-02-27 11:22:39 INFO  Waitings:40 - TOTAL TIME that the NEXT DYNAMICALLY LOADED ROW in 'LOG MESSAGES' Table web-element was loading: 0.018 seconds.
2023-02-27 11:22:39 INFO  Waitings:40 - TOTAL TIME that the NEXT DYNAMICALLY LOADED ROW in 'LOG MESSAGES' Table web-element was loading: 0.017 seconds.
Number of TR tags in TBODY [4] tag in the 'RESULTS OF CSR ANALYSIS popup -> LOG MESSAGES table': 4
2023-02-27 11:22:39 INFO  Waitings:40 - TOTAL TIME that the NEXT DYNAMICALLY LOADED ROW in 'LOG MESSAGES' Table web-element was loading: 0.014 seconds.
2023-02-27 11:22:39 INFO  Waitings:40 - TOTAL TIME that the NEXT DYNAMICALLY LOADED ROW in 'LOG MESSAGES' Table web-element was loading: 0.022 seconds.
2023-02-27 11:22:39 INFO  Waitings:40 - TOTAL TIME that the NEXT DYNAMICALLY LOADED ROW in 'LOG MESSAGES' Table web-element was loading: 0.023 seconds.
2023-02-27 11:22:39 INFO  Waitings:40 - TOTAL TIME that the NEXT DYNAMICALLY LOADED ROW in 'LOG MESSAGES' Table web-element was loading: 0.023 seconds.
The TOTAL number of rows in LOG MESSAGES table is: 21
The height of the vertical scroll bar in 'LOG MESSAGES' table is: 102
Number of TBODY tags in the 'RESULTS OF CSR ANALYSIS popup -> LOG MESSAGES table': 4
Number of TR tags in TBODY [1] tag in the 'RESULTS OF CSR ANALYSIS popup -> LOG MESSAGES table': 5
2023-02-27 11:22:40 INFO  Waitings:40 - TOTAL TIME that the NEXT DYNAMICALLY LOADED ROW in 'LOG MESSAGES' Table web-element was loading: 0.015 seconds.
Value from MESSAGE TEXT column, row #1 from BLOCK #1 is:CSR analysis for CSR object DE01      SHOP started
2023-02-27 11:22:40 WARN  CSR_AnalysisResults:280 - Retrieved 'Document number' consists of 2 instead of expected 20 digits!
2023-02-27 11:22:40 INFO  Waitings:40 - TOTAL TIME that the NEXT DYNAMICALLY LOADED ROW in 'LOG MESSAGES' Table web-element was loading: 0.025 seconds.
Value from MESSAGE TEXT column, row #2 from BLOCK #1 is:Sales hours factory calendar  of station  invalid
2023-02-27 11:22:40 WARN  CSR_AnalysisResults:280 - Retrieved 'Document number' consists of 0 instead of expected 20 digits!
2023-02-27 11:22:40 INFO  Waitings:40 - TOTAL TIME that the NEXT DYNAMICALLY LOADED ROW in 'LOG MESSAGES' Table web-element was loading: 0.027 seconds.
Value from MESSAGE TEXT column, row #3 from BLOCK #1 is:CSR analysis for CSR object DE01      SHOP completed
2023-02-27 11:22:40 WARN  CSR_AnalysisResults:280 - Retrieved 'Document number' consists of 2 instead of expected 20 digits!
2023-02-27 11:22:40 INFO  Waitings:40 - TOTAL TIME that the NEXT DYNAMICALLY LOADED ROW in 'LOG MESSAGES' Table web-element was loading: 0.012 seconds.
Value from MESSAGE TEXT column, row #4 from BLOCK #1 is:CSR analysis for CSR object DE01      AGEN started
2023-02-27 11:22:40 WARN  CSR_AnalysisResults:280 - Retrieved 'Document number' consists of 2 instead of expected 20 digits!
2023-02-27 11:22:40 INFO  Waitings:40 - TOTAL TIME that the NEXT DYNAMICALLY LOADED ROW in 'LOG MESSAGES' Table web-element was loading: 0.028 seconds.
Value from MESSAGE TEXT column, row #5 from BLOCK #1 is:Order time for 00000000000000000550 determined using reorder point
2023-02-27 11:22:40 INFO  CSR_AnalysisResults:278 - DOCUMENT NUMBER was successfully retrieved from the LOG table. It is equal to '00000000000000000550' 
Number of TR tags in TBODY [2] tag in the 'RESULTS OF CSR ANALYSIS popup -> LOG MESSAGES table': 6
2023-02-27 11:22:40 INFO  Waitings:40 - TOTAL TIME that the NEXT DYNAMICALLY LOADED ROW in 'LOG MESSAGES' Table web-element was loading: 0.016 seconds.
Value from MESSAGE TEXT column, row #1 from BLOCK #2 is:Order time for 00000000000000000551 determined using reorder point
2023-02-27 11:22:40 INFO  CSR_AnalysisResults:278 - DOCUMENT NUMBER was successfully retrieved from the LOG table. It is equal to '00000000000000000551' 
2023-02-27 11:22:40 INFO  Waitings:40 - TOTAL TIME that the NEXT DYNAMICALLY LOADED ROW in 'LOG MESSAGES' Table web-element was loading: 0.019 seconds.
Value from MESSAGE TEXT column, row #2 from BLOCK #2 is:Order time for 00000000000000000552 determined using reorder point
2023-02-27 11:22:40 INFO  CSR_AnalysisResults:278 - DOCUMENT NUMBER was successfully retrieved from the LOG table. It is equal to '00000000000000000552' 
2023-02-27 11:22:40 INFO  Waitings:40 - TOTAL TIME that the NEXT DYNAMICALLY LOADED ROW in 'LOG MESSAGES' Table web-element was loading: 0.02 seconds.
Value from MESSAGE TEXT column, row #3 from BLOCK #2 is:Order time for 00000000000000000553 determined using reorder point
2023-02-27 11:22:40 INFO  CSR_AnalysisResults:278 - DOCUMENT NUMBER was successfully retrieved from the LOG table. It is equal to '00000000000000000553' 
2023-02-27 11:22:40 INFO  Waitings:40 - TOTAL TIME that the NEXT DYNAMICALLY LOADED ROW in 'LOG MESSAGES' Table web-element was loading: 0.022 seconds.
Value from MESSAGE TEXT column, row #4 from BLOCK #2 is:00000000000000000550 triggers purchase order
2023-02-27 11:22:40 INFO  CSR_AnalysisResults:278 - DOCUMENT NUMBER was successfully retrieved from the LOG table. It is equal to '00000000000000000550' 
2023-02-27 11:22:40 INFO  Waitings:40 - TOTAL TIME that the NEXT DYNAMICALLY LOADED ROW in 'LOG MESSAGES' Table web-element was loading: 0.022 seconds.
Value from MESSAGE TEXT column, row #5 from BLOCK #2 is:Calculated delivery date is in the past and will be adjusted
2023-02-27 11:22:40 WARN  CSR_AnalysisResults:280 - Retrieved 'Document number' consists of 0 instead of expected 20 digits!
2023-02-27 11:22:40 INFO  Waitings:40 - TOTAL TIME that the NEXT DYNAMICALLY LOADED ROW in 'LOG MESSAGES' Table web-element was loading: 0.022 seconds.
Value from MESSAGE TEXT column, row #6 from BLOCK #2 is:Order time for 00000000000000000550 determined using reorder point
2023-02-27 11:22:40 INFO  CSR_AnalysisResults:278 - DOCUMENT NUMBER was successfully retrieved from the LOG table. It is equal to '00000000000000000550' 
Number of TR tags in TBODY [3] tag in the 'RESULTS OF CSR ANALYSIS popup -> LOG MESSAGES table': 6
2023-02-27 11:22:40 INFO  Waitings:40 - TOTAL TIME that the NEXT DYNAMICALLY LOADED ROW in 'LOG MESSAGES' Table web-element was loading: 0.014 seconds.
Value from MESSAGE TEXT column, row #1 from BLOCK #3 is:Order time for 00000000000000000551 determined using reorder point
2023-02-27 11:22:40 INFO  CSR_AnalysisResults:278 - DOCUMENT NUMBER was successfully retrieved from the LOG table. It is equal to '00000000000000000551' 
2023-02-27 11:22:41 INFO  Waitings:40 - TOTAL TIME that the NEXT DYNAMICALLY LOADED ROW in 'LOG MESSAGES' Table web-element was loading: 0.023 seconds.
Value from MESSAGE TEXT column, row #2 from BLOCK #3 is:Order time for 00000000000000000552 determined using reorder point
2023-02-27 11:22:41 INFO  CSR_AnalysisResults:278 - DOCUMENT NUMBER was successfully retrieved from the LOG table. It is equal to '00000000000000000552' 
2023-02-27 11:22:41 INFO  Waitings:40 - TOTAL TIME that the NEXT DYNAMICALLY LOADED ROW in 'LOG MESSAGES' Table web-element was loading: 0.024 seconds.
Value from MESSAGE TEXT column, row #3 from BLOCK #3 is:Order time for 00000000000000000553 determined using reorder point
2023-02-27 11:22:41 INFO  CSR_AnalysisResults:278 - DOCUMENT NUMBER was successfully retrieved from the LOG table. It is equal to '00000000000000000553' 
2023-02-27 11:22:41 INFO  Waitings:40 - TOTAL TIME that the NEXT DYNAMICALLY LOADED ROW in 'LOG MESSAGES' Table web-element was loading: 0.027 seconds.
Value from MESSAGE TEXT column, row #4 from BLOCK #3 is:00000000000000000550 triggers purchase order
2023-02-27 11:22:41 INFO  CSR_AnalysisResults:278 - DOCUMENT NUMBER was successfully retrieved from the LOG table. It is equal to '00000000000000000550' 
2023-02-27 11:22:41 INFO  Waitings:40 - TOTAL TIME that the NEXT DYNAMICALLY LOADED ROW in 'LOG MESSAGES' Table web-element was loading: 0.026 seconds.
Value from MESSAGE TEXT column, row #5 from BLOCK #3 is:Order time for 00000000000000000550 determined using reorder point
2023-02-27 11:22:41 INFO  CSR_AnalysisResults:278 - DOCUMENT NUMBER was successfully retrieved from the LOG table. It is equal to '00000000000000000550' 
2023-02-27 11:22:41 INFO  Waitings:40 - TOTAL TIME that the NEXT DYNAMICALLY LOADED ROW in 'LOG MESSAGES' Table web-element was loading: 0.026 seconds.
Value from MESSAGE TEXT column, row #6 from BLOCK #3 is:Order time for 00000000000000000551 determined using reorder point
2023-02-27 11:22:41 INFO  CSR_AnalysisResults:278 - DOCUMENT NUMBER was successfully retrieved from the LOG table. It is equal to '00000000000000000551' 
Number of TR tags in TBODY [4] tag in the 'RESULTS OF CSR ANALYSIS popup -> LOG MESSAGES table': 4
2023-02-27 11:22:41 INFO  Waitings:40 - TOTAL TIME that the NEXT DYNAMICALLY LOADED ROW in 'LOG MESSAGES' Table web-element was loading: 0.014 seconds.
Value from MESSAGE TEXT column, row #1 from BLOCK #4 is:Order time for 00000000000000000552 determined using reorder point
2023-02-27 11:22:41 INFO  CSR_AnalysisResults:278 - DOCUMENT NUMBER was successfully retrieved from the LOG table. It is equal to '00000000000000000552' 
2023-02-27 11:22:41 INFO  Waitings:40 - TOTAL TIME that the NEXT DYNAMICALLY LOADED ROW in 'LOG MESSAGES' Table web-element was loading: 0.019 seconds.
Value from MESSAGE TEXT column, row #2 from BLOCK #4 is:Order time for 00000000000000000553 determined using reorder point
2023-02-27 11:22:41 INFO  CSR_AnalysisResults:278 - DOCUMENT NUMBER was successfully retrieved from the LOG table. It is equal to '00000000000000000553' 
2023-02-27 11:22:41 INFO  Waitings:40 - TOTAL TIME that the NEXT DYNAMICALLY LOADED ROW in 'LOG MESSAGES' Table web-element was loading: 0.018 seconds.
Value from MESSAGE TEXT column, row #3 from BLOCK #4 is:00000000000000000550 triggers purchase order
2023-02-27 11:22:41 INFO  CSR_AnalysisResults:278 - DOCUMENT NUMBER was successfully retrieved from the LOG table. It is equal to '00000000000000000550' 
2023-02-27 11:22:41 INFO  Waitings:40 - TOTAL TIME that the NEXT DYNAMICALLY LOADED ROW in 'LOG MESSAGES' Table web-element was loading: 0.019 seconds.
Value from MESSAGE TEXT column, row #4 from BLOCK #4 is:CSR analysis for CSR object DE01      AGEN completed
2023-02-27 11:22:41 WARN  CSR_AnalysisResults:280 - Retrieved 'Document number' consists of 2 instead of expected 20 digits!
Retrieved values from 'MESSAGE TEXT' column: 00000000000000000550
Retrieved values from 'MESSAGE TEXT' column: 00000000000000000551
Retrieved values from 'MESSAGE TEXT' column: 00000000000000000552
Retrieved values from 'MESSAGE TEXT' column: 00000000000000000553
Retrieved values from 'MESSAGE TEXT' column: 00000000000000000550
Retrieved values from 'MESSAGE TEXT' column: 00000000000000000550
Retrieved values from 'MESSAGE TEXT' column: 00000000000000000551
Retrieved values from 'MESSAGE TEXT' column: 00000000000000000552
Retrieved values from 'MESSAGE TEXT' column: 00000000000000000553
Retrieved values from 'MESSAGE TEXT' column: 00000000000000000550
Retrieved values from 'MESSAGE TEXT' column: 00000000000000000550
Retrieved values from 'MESSAGE TEXT' column: 00000000000000000551
Retrieved values from 'MESSAGE TEXT' column: 00000000000000000552
Retrieved values from 'MESSAGE TEXT' column: 00000000000000000553
Retrieved values from 'MESSAGE TEXT' column: 00000000000000000550
Element at the index 0 is ::00000000000000000550
Element at the index 1 is ::00000000000000000551
Element at the index 2 is ::00000000000000000552
Element at the index 3 is ::00000000000000000553
Element at the index 4 is ::00000000000000000550
Element at the index 5 is ::00000000000000000550
Element at the index 6 is ::00000000000000000551
Element at the index 7 is ::00000000000000000552
Element at the index 8 is ::00000000000000000553
Element at the index 9 is ::00000000000000000550
Element at the index 10 is ::00000000000000000550
Element at the index 11 is ::00000000000000000551
Element at the index 12 is ::00000000000000000552
Element at the index 13 is ::00000000000000000553
Element at the index 14 is ::00000000000000000550
Size of Array:15
RETRIEVED 'DOCUMENT NUMBERs': 00000000000000000550
RETRIEVED 'DOCUMENT NUMBERs': 00000000000000000551
RETRIEVED 'DOCUMENT NUMBERs': 00000000000000000552
RETRIEVED 'DOCUMENT NUMBERs': 00000000000000000553
RETRIEVED 'DOCUMENT NUMBERs': 00000000000000000550
RETRIEVED 'DOCUMENT NUMBERs': 00000000000000000550
RETRIEVED 'DOCUMENT NUMBERs': 00000000000000000551
RETRIEVED 'DOCUMENT NUMBERs': 00000000000000000552
RETRIEVED 'DOCUMENT NUMBERs': 00000000000000000553
RETRIEVED 'DOCUMENT NUMBERs': 00000000000000000550
RETRIEVED 'DOCUMENT NUMBERs': 00000000000000000550
RETRIEVED 'DOCUMENT NUMBERs': 00000000000000000551
RETRIEVED 'DOCUMENT NUMBERs': 00000000000000000552
RETRIEVED 'DOCUMENT NUMBERs': 00000000000000000553
RETRIEVED 'DOCUMENT NUMBERs': 00000000000000000550
RETRIEVED UNIQUE 'DOCUMENT NUMBERS before processing': 00000000000000000550
2023-02-27 11:22:42 INFO  CSR_AnalysisResults:86 - RETRIEVED UNIQUE 'DOCUMENT NUMBERS before processing': 00000000000000000550
RETRIEVED UNIQUE 'DOCUMENT NUMBERS before processing': 00000000000000000551
2023-02-27 11:22:42 INFO  CSR_AnalysisResults:86 - RETRIEVED UNIQUE 'DOCUMENT NUMBERS before processing': 00000000000000000551
RETRIEVED UNIQUE 'DOCUMENT NUMBERS before processing': 00000000000000000552
2023-02-27 11:22:42 INFO  CSR_AnalysisResults:86 - RETRIEVED UNIQUE 'DOCUMENT NUMBERS before processing': 00000000000000000552
RETRIEVED UNIQUE 'DOCUMENT NUMBERS before processing': 00000000000000000553
2023-02-27 11:22:42 INFO  CSR_AnalysisResults:86 - RETRIEVED UNIQUE 'DOCUMENT NUMBERS before processing': 00000000000000000553
2023-02-27 11:22:43 INFO  Test_Cases:321 - The number of DELIVERY IDs is THE SAME as the number of DOCUMENT NUMBERS: 4 vs. 4, AS EXPECTED.
2023-02-27 11:22:43 INFO  CSR_AnalysisResults:349 - The START PROCESSING button on the RESULTS OF CSR ANALYSIS popup was clicked SUCCESSFULLY.
2023-02-27 11:22:44 INFO  Waitings:40 - TOTAL TIME that the POSTPROCESSING popup web-element was loading: 0.336 seconds.
]]></system-out>
  </testcase>
  <testcase name="make_Postprocessing_Testing" classname="org.project.Test_Cases" time="20.247">
    <system-out><![CDATA[2023-02-27 11:22:45 INFO  PostProcessing:771 - PERSONALIZE button was SUCCESSFULLY clicked on the POSTPROCESSING popup.
2023-02-27 11:22:46 INFO  Waitings:86 - TOTAL TIME that the PERSONALIZATION POPUP page was loading: 1.262 seconds.
Class value for 'Set to Default' button: lsButton lsButton--base lsTbarBtnStd urInlineMetricTop urNoUserSelect urBtnRadius  lsButton--up lsButton--design-standard  lsButton--disabled
2023-02-27 11:22:47 INFO  PostProcessing:707 - The 'Set to Default' button (on 'PERSONALIZATION' popup for POSTPROCESSING) was detected to be DISABLED by Default.
2023-02-27 11:22:48 INFO  PostProcessing:635 - The 'SAVE' button (on 'PERSONALIZATION' popup for POSTPROCESSING) was clicked to save Default Settings.
2023-02-27 11:22:50 INFO  Waitings:86 - TOTAL TIME that the POSTPROCESSING popup after closing PERSONALIZATION popup page was loading: 2.139 seconds.
Number of columns in the POSTPROCESSING SELECTION table: 4
2023-02-27 11:22:52 INFO  PostProcessing:229 - Number of columns in the POSTPROCESSING SELECTION table: 4
Counter of Needed columns in the POSTPROCESSING SELECTION table: 1
SPAN element Text in the POSTPROCESSING SELECTION table: Execute Action
	
 
Counter of Needed columns in the POSTPROCESSING SELECTION table: 1
SPAN element Text in the POSTPROCESSING SELECTION table: Postprocessing Action ID
	
 
Number of rows in the POSTPROCESSING SELECTION table: 2
2023-02-27 11:22:52 INFO  PostProcessing:265 - Number of rows in the POSTPROCESSING SELECTION table: 2
The value in 'Postprocessing Action ID' column in row# 1 is equal to: ORDER
2023-02-27 11:22:52 INFO  PostProcessing:282 - The value in 'Postprocessing Action ID' column in row# 1 is equal to: ORDER
Value from 'Postprocessing Action ID' column of POSTPROCESSING SELECTION table, row #1 is:  ORDER
The value in 'Postprocessing Action ID' column in row# 2 is equal to: MAIL
2023-02-27 11:22:52 INFO  PostProcessing:282 - The value in 'Postprocessing Action ID' column in row# 2 is equal to: MAIL
Value from 'Postprocessing Action ID' column of POSTPROCESSING SELECTION table, row #2 is:  MAIL
2023-02-27 11:22:53 INFO  Test_Cases:357 - Both 'ORDER' and 'MAIL' rows were SUCCESSFULLY found as SELECTED in the POSTPROCESSING SELECTION table on the POSTPROCESSING popup.
Class name for 'Execute Postprocessing' button is: lsButton lsButton--base lsTbarBtnStd urInlineMetricTop urNoUserSelect urBtnRadius  urBtnStdValign  lsButton--toolbar-image  lsButton--active  lsButton--focusable  lsButton--up lsButton--design-standard 
2023-02-27 11:22:53 INFO  PostProcessing:170 - EXECUTE POSTPROCESSING button was SUCCESSFULLY clicked on the POSTPROCESSING popup.
2023-02-27 11:23:00 INFO  Waitings:40 - TOTAL TIME that the E-MAIL SENT SUCCESSFULLY message web-element was loading: 6.182 seconds.
2023-02-27 11:23:00 INFO  Waitings:40 - TOTAL TIME that the CSR ORDER GENERATION COMPLETED SUCCESSFULLY message web-element was loading: 0.014 seconds.
2023-02-27 11:23:02 INFO  PostProcessing:105 - CLOSE button was SUCCESSFULLY clicked on the POSTPROCESSING popup.
2023-02-27 11:23:02 INFO  Waitings:582 - TOTAL TIME that the RESULTS OF CSR ANALYSIS popup was observed for changing its status: 0.034 seconds.
2023-02-27 11:23:03 INFO  Waitings:86 - TOTAL TIME that the RESULTS OF CSR ANALYSIS popup -> LOG MESSAGES table page was loading: 1.051 seconds.
]]></system-out>
  </testcase>
  <testcase name="finalize_CompareNewDocumentsWithOld_Testing" classname="org.project.Test_Cases" time="29.329">
    <system-out><![CDATA[Number of columns in the RESULTS LIST table: 12
Counter of Needed columns in the RESULTS LIST table: 1
SPAN element Text in the RESULTS LIST table: Active
		
 
Counter of Needed columns in the RESULTS LIST table: 1
SPAN element Text in the RESULTS LIST table: CSR Object Name
		
 
Counter of Needed columns in the RESULTS LIST table: 1
SPAN element Text in the RESULTS LIST table: CSR Object Key
		
 
Counter of Needed columns in the RESULTS LIST table: 1
SPAN element Text in the RESULTS LIST table: CSR Subobject
		
 
Counter of Needed columns in the RESULTS LIST table: 1
SPAN element Text in the RESULTS LIST table: CSR Subobject Key
		
 
Counter of Needed columns in the RESULTS LIST table: 1
SPAN element Text in the RESULTS LIST table: Material
		
 
Sequential Number of the 'MATERIAL' column is: 6
Counter of Needed columns in the RESULTS LIST table: 1
SPAN element Text in the RESULTS LIST table: Material description
		
 
Counter of Needed columns in the RESULTS LIST table: 1
SPAN element Text in the RESULTS LIST table: Delivery ID
		
 
Counter of Needed columns in the RESULTS LIST table: 1
SPAN element Text in the RESULTS LIST table: Delivery Date
		
 
Counter of Needed columns in the RESULTS LIST table: 1
SPAN element Text in the RESULTS LIST table: Delivery Time
		
 
Counter of Needed columns in the RESULTS LIST table: 1
SPAN element Text in the RESULTS LIST table: Delivery Quantity
		
 
Counter of Needed columns in the RESULTS LIST table: 1
SPAN element Text in the RESULTS LIST table: Delivery Unit
	
Number of columns in the RESULTS LIST table: 12
Counter of Needed columns in the RESULTS LIST table: 1
SPAN element Text in the RESULTS LIST table: Active
		
 
Counter of Needed columns in the RESULTS LIST table: 1
SPAN element Text in the RESULTS LIST table: CSR Object Name
		
 
Counter of Needed columns in the RESULTS LIST table: 1
SPAN element Text in the RESULTS LIST table: CSR Object Key
		
 
Counter of Needed columns in the RESULTS LIST table: 1
SPAN element Text in the RESULTS LIST table: CSR Subobject
		
 
Counter of Needed columns in the RESULTS LIST table: 1
SPAN element Text in the RESULTS LIST table: CSR Subobject Key
		
 
Counter of Needed columns in the RESULTS LIST table: 1
SPAN element Text in the RESULTS LIST table: Material
		
 
Counter of Needed columns in the RESULTS LIST table: 1
SPAN element Text in the RESULTS LIST table: Material description
		
 
Counter of Needed columns in the RESULTS LIST table: 1
SPAN element Text in the RESULTS LIST table: Delivery ID
		
 
Sequential Number of the 'DELIVERY ID' column is: 8
Counter of Needed columns in the RESULTS LIST table: 1
SPAN element Text in the RESULTS LIST table: Delivery Date
		
 
Counter of Needed columns in the RESULTS LIST table: 1
SPAN element Text in the RESULTS LIST table: Delivery Time
		
 
Counter of Needed columns in the RESULTS LIST table: 1
SPAN element Text in the RESULTS LIST table: Delivery Quantity
		
 
Counter of Needed columns in the RESULTS LIST table: 1
SPAN element Text in the RESULTS LIST table: Delivery Unit
	
Number of columns in the RESULTS LIST table: 12
Counter of Needed columns in the RESULTS LIST table: 1
SPAN element Text in the RESULTS LIST table: Active
		
 
Counter of Needed columns in the RESULTS LIST table: 1
SPAN element Text in the RESULTS LIST table: CSR Object Name
		
 
Counter of Needed columns in the RESULTS LIST table: 1
SPAN element Text in the RESULTS LIST table: CSR Object Key
		
 
Counter of Needed columns in the RESULTS LIST table: 1
SPAN element Text in the RESULTS LIST table: CSR Subobject
		
 
Counter of Needed columns in the RESULTS LIST table: 1
SPAN element Text in the RESULTS LIST table: CSR Subobject Key
		
 
Counter of Needed columns in the RESULTS LIST table: 1
SPAN element Text in the RESULTS LIST table: Material
		
 
Counter of Needed columns in the RESULTS LIST table: 1
SPAN element Text in the RESULTS LIST table: Material description
		
 
Counter of Needed columns in the RESULTS LIST table: 1
SPAN element Text in the RESULTS LIST table: Delivery ID
		
 
Counter of Needed columns in the RESULTS LIST table: 1
SPAN element Text in the RESULTS LIST table: Delivery Date
		
 
Counter of Needed columns in the RESULTS LIST table: 1
SPAN element Text in the RESULTS LIST table: Delivery Time
		
 
Counter of Needed columns in the RESULTS LIST table: 1
SPAN element Text in the RESULTS LIST table: Delivery Quantity
		
 
Number of the 'DELIVERY QUANTITY' column is: 11
Counter of Needed columns in the RESULTS LIST table: 1
SPAN element Text in the RESULTS LIST table: Delivery Unit
	
The height of the vertical scroll bar in 'RESULTS LIST' table is: 102
2023-02-27 11:23:06 INFO  Waitings:434 - TOTAL TIME that the Updated 'CSR ANALYSIS RESULTS' TABLE after SCROLL-UP page was loading: 0.025 seconds.
Number of TBODY blocks BY DEFAULT in the 'RESULTS OF CSR ANALYSIS popup -> RESULTS LIST table': 2
Number of TR tags in TBODY [1] tag in the 'RESULTS OF CSR ANALYSIS popup -> RESULTS LIST table': 6
2023-02-27 11:23:10 INFO  Waitings:40 - TOTAL TIME that the NEXT DYNAMICALLY LOADED ROW in 'RESULTS LIST' Table web-element was loading: 0.015 seconds.
2023-02-27 11:23:10 INFO  Waitings:40 - TOTAL TIME that the NEXT DYNAMICALLY LOADED ROW in 'RESULTS LIST' Table web-element was loading: 0.021 seconds.
2023-02-27 11:23:10 INFO  Waitings:40 - TOTAL TIME that the NEXT DYNAMICALLY LOADED ROW in 'RESULTS LIST' Table web-element was loading: 0.022 seconds.
2023-02-27 11:23:10 INFO  Waitings:40 - TOTAL TIME that the NEXT DYNAMICALLY LOADED ROW in 'RESULTS LIST' Table web-element was loading: 0.022 seconds.
2023-02-27 11:23:10 INFO  Waitings:40 - TOTAL TIME that the NEXT DYNAMICALLY LOADED ROW in 'RESULTS LIST' Table web-element was loading: 0.021 seconds.
2023-02-27 11:23:10 INFO  Waitings:40 - TOTAL TIME that the NEXT DYNAMICALLY LOADED ROW in 'RESULTS LIST' Table web-element was loading: 0.022 seconds.
UPDATED number of TBODY sections  [2]
Number of TBODY sections was dynamically updated to [2]
Number of TR tags in TBODY [2] tag in the 'RESULTS OF CSR ANALYSIS popup -> RESULTS LIST table': 6
2023-02-27 11:23:10 INFO  Waitings:40 - TOTAL TIME that the NEXT DYNAMICALLY LOADED ROW in 'RESULTS LIST' Table web-element was loading: 0.015 seconds.
2023-02-27 11:23:10 INFO  Waitings:40 - TOTAL TIME that the NEXT DYNAMICALLY LOADED ROW in 'RESULTS LIST' Table web-element was loading: 0.022 seconds.
2023-02-27 11:23:10 INFO  Waitings:40 - TOTAL TIME that the NEXT DYNAMICALLY LOADED ROW in 'RESULTS LIST' Table web-element was loading: 0.022 seconds.
2023-02-27 11:23:10 INFO  Waitings:40 - TOTAL TIME that the NEXT DYNAMICALLY LOADED ROW in 'RESULTS LIST' Table web-element was loading: 0.022 seconds.
2023-02-27 11:23:10 INFO  Waitings:40 - TOTAL TIME that the NEXT DYNAMICALLY LOADED ROW in 'RESULTS LIST' Table web-element was loading: 0.021 seconds.
2023-02-27 11:23:10 INFO  Waitings:40 - TOTAL TIME that the NEXT DYNAMICALLY LOADED ROW in 'RESULTS LIST' Table web-element was loading: 0.023 seconds.
UPDATED number of TBODY sections  [2]
Number of TBODY sections was dynamically updated to [2]
The TOTAL number of rows in RESULTS LIST table is: 12
The number of default row blocks in RESULTS LIST table is: 2
Number of TR tags in TBODY [1] tag in the 'RESULTS OF CSR ANALYSIS popup -> RESULTS LIST table': 6
Value from MATERIAL column, row #1 from BLOCK #1 is:RF01
Value from DELIVERY ID column, row #1 from BLOCK #1 is:01
Value from DELIVERY QUANTITY column, row #1 from BLOCK #1 is:8.000,000
Value from MATERIAL column, row #2 from BLOCK #1 is:RF02
Value from DELIVERY ID column, row #2 from BLOCK #1 is:01
Value from DELIVERY QUANTITY column, row #2 from BLOCK #1 is:8.000,000
Value from MATERIAL column, row #3 from BLOCK #1 is:RF03
Value from DELIVERY ID column, row #3 from BLOCK #1 is:01
Value from DELIVERY QUANTITY column, row #3 from BLOCK #1 is:8.000,000
Value from MATERIAL column, row #4 from BLOCK #1 is:RF04
Value from DELIVERY ID column, row #4 from BLOCK #1 is:01
Value from DELIVERY QUANTITY column, row #4 from BLOCK #1 is:8.000,000
Value from MATERIAL column, row #5 from BLOCK #1 is:RF01
Value from DELIVERY ID column, row #5 from BLOCK #1 is:02
Value from DELIVERY QUANTITY column, row #5 from BLOCK #1 is:5.901,568
Value from MATERIAL column, row #6 from BLOCK #1 is:RF02
Value from DELIVERY ID column, row #6 from BLOCK #1 is:02
Value from DELIVERY QUANTITY column, row #6 from BLOCK #1 is:5.901,568
Number of TR tags in TBODY [2] tag in the 'RESULTS OF CSR ANALYSIS popup -> RESULTS LIST table': 6
Value from MATERIAL column, row #1 from BLOCK #2 is:RF03
Value from DELIVERY ID column, row #1 from BLOCK #2 is:02
Value from DELIVERY QUANTITY column, row #1 from BLOCK #2 is:5.901,568
Value from MATERIAL column, row #2 from BLOCK #2 is:RF04
Value from DELIVERY ID column, row #2 from BLOCK #2 is:02
Value from DELIVERY QUANTITY column, row #2 from BLOCK #2 is:5.901,568
Value from MATERIAL column, row #3 from BLOCK #2 is:RF01
Value from DELIVERY ID column, row #3 from BLOCK #2 is:03
Value from DELIVERY QUANTITY column, row #3 from BLOCK #2 is:5.853,620
Value from MATERIAL column, row #4 from BLOCK #2 is:RF02
Value from DELIVERY ID column, row #4 from BLOCK #2 is:03
Value from DELIVERY QUANTITY column, row #4 from BLOCK #2 is:5.853,620
Value from MATERIAL column, row #5 from BLOCK #2 is:RF03
Value from DELIVERY ID column, row #5 from BLOCK #2 is:03
Value from DELIVERY QUANTITY column, row #5 from BLOCK #2 is:5.853,620
Value from MATERIAL column, row #6 from BLOCK #2 is:RF04
Value from DELIVERY ID column, row #6 from BLOCK #2 is:03
Value from DELIVERY QUANTITY column, row #6 from BLOCK #2 is:5.853,620
Size of ARRAY: 3
RF01	RF02	RF03	RF04	RF01	RF02	RF03	RF04	RF01	RF02	RF03	RF04	
01	01	01	01	02	02	02	02	03	03	03	03	
8.000,000	8.000,000	8.000,000	8.000,000	5.901,568	5.901,568	5.901,568	5.901,568	5.853,620	5.853,620	5.853,620	5.853,620	
Size of Array:12
RETRIEVED 'MATERIAL': RF01
RETRIEVED 'MATERIAL': RF02
RETRIEVED 'MATERIAL': RF03
RETRIEVED 'MATERIAL': RF04
RETRIEVED 'MATERIAL': RF01
RETRIEVED 'MATERIAL': RF02
RETRIEVED 'MATERIAL': RF03
RETRIEVED 'MATERIAL': RF04
RETRIEVED 'MATERIAL': RF01
RETRIEVED 'MATERIAL': RF02
RETRIEVED 'MATERIAL': RF03
RETRIEVED 'MATERIAL': RF04
RETRIEVED UNIQUE 'MATERIALS after processing': RF02
2023-02-27 11:23:13 INFO  ComparePostprocessingResults:875 - RETRIEVED UNIQUE 'MATERIALS after processing': RF02
RETRIEVED UNIQUE 'MATERIALS after processing': RF03
2023-02-27 11:23:13 INFO  ComparePostprocessingResults:875 - RETRIEVED UNIQUE 'MATERIALS after processing': RF03
RETRIEVED UNIQUE 'MATERIALS after processing': RF01
2023-02-27 11:23:13 INFO  ComparePostprocessingResults:875 - RETRIEVED UNIQUE 'MATERIALS after processing': RF01
RETRIEVED UNIQUE 'MATERIALS after processing': RF04
2023-02-27 11:23:13 INFO  ComparePostprocessingResults:875 - RETRIEVED UNIQUE 'MATERIALS after processing': RF04
Number of columns in the LOG MESSAGES table: 3
Counter of Needed columns in the LOG MESSAGES table: 1
SPAN element Text in the RESULTS LIST table: Notification Category
		
 
Counter of Needed columns in the LOG MESSAGES table: 1
SPAN element Text in the RESULTS LIST table: Message text
		
 
Sequential Number of the 'MESSAGE TEXT' column is: 2
Counter of Needed columns in the LOG MESSAGES table: 1
SPAN element Text in the RESULTS LIST table: Actions
The height of the vertical scroll bar in 'LOG MESSAGES' table is: 102
2023-02-27 11:23:14 INFO  Waitings:434 - TOTAL TIME that the Updated 'CSR ANALYSIS LOG MESSAGES' TABLE after SCROLL-UP page was loading: 0.034 seconds.
Number of TBODY tags in the 'RESULTS OF CSR ANALYSIS popup -> LOG MESSAGES table': 4
Number of TR tags in TBODY [1] tag in the 'RESULTS OF CSR ANALYSIS popup -> LOG MESSAGES table': 10
2023-02-27 11:23:18 INFO  Waitings:40 - TOTAL TIME that the NEXT DYNAMICALLY LOADED ROW in 'LOG MESSAGES' Table web-element was loading: 0.024 seconds.
2023-02-27 11:23:18 INFO  Waitings:40 - TOTAL TIME that the NEXT DYNAMICALLY LOADED ROW in 'LOG MESSAGES' Table web-element was loading: 0.015 seconds.
2023-02-27 11:23:18 INFO  Waitings:40 - TOTAL TIME that the NEXT DYNAMICALLY LOADED ROW in 'LOG MESSAGES' Table web-element was loading: 0.027 seconds.
2023-02-27 11:23:18 INFO  Waitings:40 - TOTAL TIME that the NEXT DYNAMICALLY LOADED ROW in 'LOG MESSAGES' Table web-element was loading: 0.016 seconds.
2023-02-27 11:23:18 INFO  Waitings:40 - TOTAL TIME that the NEXT DYNAMICALLY LOADED ROW in 'LOG MESSAGES' Table web-element was loading: 0.023 seconds.
2023-02-27 11:23:18 INFO  Waitings:40 - TOTAL TIME that the NEXT DYNAMICALLY LOADED ROW in 'LOG MESSAGES' Table web-element was loading: 0.024 seconds.
2023-02-27 11:23:18 INFO  Waitings:40 - TOTAL TIME that the NEXT DYNAMICALLY LOADED ROW in 'LOG MESSAGES' Table web-element was loading: 0.022 seconds.
2023-02-27 11:23:18 INFO  Waitings:40 - TOTAL TIME that the NEXT DYNAMICALLY LOADED ROW in 'LOG MESSAGES' Table web-element was loading: 0.024 seconds.
2023-02-27 11:23:18 INFO  Waitings:40 - TOTAL TIME that the NEXT DYNAMICALLY LOADED ROW in 'LOG MESSAGES' Table web-element was loading: 0.023 seconds.
2023-02-27 11:23:18 INFO  Waitings:40 - TOTAL TIME that the NEXT DYNAMICALLY LOADED ROW in 'LOG MESSAGES' Table web-element was loading: 0.022 seconds.
Number of TR tags in TBODY [2] tag in the 'RESULTS OF CSR ANALYSIS popup -> LOG MESSAGES table': 6
2023-02-27 11:23:18 INFO  Waitings:40 - TOTAL TIME that the NEXT DYNAMICALLY LOADED ROW in 'LOG MESSAGES' Table web-element was loading: 0.015 seconds.
2023-02-27 11:23:18 INFO  Waitings:40 - TOTAL TIME that the NEXT DYNAMICALLY LOADED ROW in 'LOG MESSAGES' Table web-element was loading: 0.027 seconds.
2023-02-27 11:23:18 INFO  Waitings:40 - TOTAL TIME that the NEXT DYNAMICALLY LOADED ROW in 'LOG MESSAGES' Table web-element was loading: 0.025 seconds.
2023-02-27 11:23:18 INFO  Waitings:40 - TOTAL TIME that the NEXT DYNAMICALLY LOADED ROW in 'LOG MESSAGES' Table web-element was loading: 0.04 seconds.
2023-02-27 11:23:18 INFO  Waitings:40 - TOTAL TIME that the NEXT DYNAMICALLY LOADED ROW in 'LOG MESSAGES' Table web-element was loading: 0.026 seconds.
2023-02-27 11:23:18 INFO  Waitings:40 - TOTAL TIME that the NEXT DYNAMICALLY LOADED ROW in 'LOG MESSAGES' Table web-element was loading: 0.029 seconds.
Number of TBODY sections was dynamically updated to [5]
Number of TR tags in TBODY [3] tag in the 'RESULTS OF CSR ANALYSIS popup -> LOG MESSAGES table': 5
2023-02-27 11:23:18 INFO  Waitings:40 - TOTAL TIME that the NEXT DYNAMICALLY LOADED ROW in 'LOG MESSAGES' Table web-element was loading: 0.016 seconds.
2023-02-27 11:23:18 INFO  Waitings:40 - TOTAL TIME that the NEXT DYNAMICALLY LOADED ROW in 'LOG MESSAGES' Table web-element was loading: 0.027 seconds.
2023-02-27 11:23:18 INFO  Waitings:40 - TOTAL TIME that the NEXT DYNAMICALLY LOADED ROW in 'LOG MESSAGES' Table web-element was loading: 0.028 seconds.
2023-02-27 11:23:18 INFO  Waitings:40 - TOTAL TIME that the NEXT DYNAMICALLY LOADED ROW in 'LOG MESSAGES' Table web-element was loading: 0.038 seconds.
2023-02-27 11:23:18 INFO  Waitings:40 - TOTAL TIME that the NEXT DYNAMICALLY LOADED ROW in 'LOG MESSAGES' Table web-element was loading: 0.025 seconds.
Number of TBODY sections was dynamically updated to [6]
Number of TR tags in TBODY [4] tag in the 'RESULTS OF CSR ANALYSIS popup -> LOG MESSAGES table': 6
2023-02-27 11:23:19 INFO  Waitings:40 - TOTAL TIME that the NEXT DYNAMICALLY LOADED ROW in 'LOG MESSAGES' Table web-element was loading: 0.015 seconds.
2023-02-27 11:23:19 INFO  Waitings:40 - TOTAL TIME that the NEXT DYNAMICALLY LOADED ROW in 'LOG MESSAGES' Table web-element was loading: 0.028 seconds.
2023-02-27 11:23:19 INFO  Waitings:40 - TOTAL TIME that the NEXT DYNAMICALLY LOADED ROW in 'LOG MESSAGES' Table web-element was loading: 0.029 seconds.
2023-02-27 11:23:19 INFO  Waitings:40 - TOTAL TIME that the NEXT DYNAMICALLY LOADED ROW in 'LOG MESSAGES' Table web-element was loading: 0.028 seconds.
2023-02-27 11:23:19 INFO  Waitings:40 - TOTAL TIME that the NEXT DYNAMICALLY LOADED ROW in 'LOG MESSAGES' Table web-element was loading: 0.025 seconds.
2023-02-27 11:23:19 INFO  Waitings:40 - TOTAL TIME that the NEXT DYNAMICALLY LOADED ROW in 'LOG MESSAGES' Table web-element was loading: 0.026 seconds.
Number of TBODY sections was dynamically updated to [7]
Number of TR tags in TBODY [5] tag in the 'RESULTS OF CSR ANALYSIS popup -> LOG MESSAGES table': 6
2023-02-27 11:23:19 INFO  Waitings:40 - TOTAL TIME that the NEXT DYNAMICALLY LOADED ROW in 'LOG MESSAGES' Table web-element was loading: 0.015 seconds.
2023-02-27 11:23:19 INFO  Waitings:40 - TOTAL TIME that the NEXT DYNAMICALLY LOADED ROW in 'LOG MESSAGES' Table web-element was loading: 0.031 seconds.
2023-02-27 11:23:19 INFO  Waitings:40 - TOTAL TIME that the NEXT DYNAMICALLY LOADED ROW in 'LOG MESSAGES' Table web-element was loading: 0.03 seconds.
2023-02-27 11:23:19 INFO  Waitings:40 - TOTAL TIME that the NEXT DYNAMICALLY LOADED ROW in 'LOG MESSAGES' Table web-element was loading: 0.032 seconds.
2023-02-27 11:23:19 INFO  Waitings:40 - TOTAL TIME that the NEXT DYNAMICALLY LOADED ROW in 'LOG MESSAGES' Table web-element was loading: 0.028 seconds.
2023-02-27 11:23:19 INFO  Waitings:40 - TOTAL TIME that the NEXT DYNAMICALLY LOADED ROW in 'LOG MESSAGES' Table web-element was loading: 0.032 seconds.
Number of TBODY sections was dynamically updated to [8]
Number of TR tags in TBODY [6] tag in the 'RESULTS OF CSR ANALYSIS popup -> LOG MESSAGES table': 6
2023-02-27 11:23:19 INFO  Waitings:40 - TOTAL TIME that the NEXT DYNAMICALLY LOADED ROW in 'LOG MESSAGES' Table web-element was loading: 0.014 seconds.
2023-02-27 11:23:19 INFO  Waitings:40 - TOTAL TIME that the NEXT DYNAMICALLY LOADED ROW in 'LOG MESSAGES' Table web-element was loading: 0.019 seconds.
2023-02-27 11:23:19 INFO  Waitings:40 - TOTAL TIME that the NEXT DYNAMICALLY LOADED ROW in 'LOG MESSAGES' Table web-element was loading: 0.032 seconds.
2023-02-27 11:23:19 INFO  Waitings:40 - TOTAL TIME that the NEXT DYNAMICALLY LOADED ROW in 'LOG MESSAGES' Table web-element was loading: 0.018 seconds.
2023-02-27 11:23:19 INFO  Waitings:40 - TOTAL TIME that the NEXT DYNAMICALLY LOADED ROW in 'LOG MESSAGES' Table web-element was loading: 0.051 seconds.
2023-02-27 11:23:19 INFO  Waitings:40 - TOTAL TIME that the NEXT DYNAMICALLY LOADED ROW in 'LOG MESSAGES' Table web-element was loading: 0.033 seconds.
Number of TR tags in TBODY [7] tag in the 'RESULTS OF CSR ANALYSIS popup -> LOG MESSAGES table': 6
2023-02-27 11:23:20 INFO  Waitings:40 - TOTAL TIME that the NEXT DYNAMICALLY LOADED ROW in 'LOG MESSAGES' Table web-element was loading: 0.015 seconds.
2023-02-27 11:23:20 INFO  Waitings:40 - TOTAL TIME that the NEXT DYNAMICALLY LOADED ROW in 'LOG MESSAGES' Table web-element was loading: 0.024 seconds.
2023-02-27 11:23:20 INFO  Waitings:40 - TOTAL TIME that the NEXT DYNAMICALLY LOADED ROW in 'LOG MESSAGES' Table web-element was loading: 0.024 seconds.
2023-02-27 11:23:20 INFO  Waitings:40 - TOTAL TIME that the NEXT DYNAMICALLY LOADED ROW in 'LOG MESSAGES' Table web-element was loading: 0.023 seconds.
2023-02-27 11:23:20 INFO  Waitings:40 - TOTAL TIME that the NEXT DYNAMICALLY LOADED ROW in 'LOG MESSAGES' Table web-element was loading: 0.024 seconds.
2023-02-27 11:23:20 INFO  Waitings:40 - TOTAL TIME that the NEXT DYNAMICALLY LOADED ROW in 'LOG MESSAGES' Table web-element was loading: 0.025 seconds.
Number of TR tags in TBODY [8] tag in the 'RESULTS OF CSR ANALYSIS popup -> LOG MESSAGES table': 6
2023-02-27 11:23:20 INFO  Waitings:40 - TOTAL TIME that the NEXT DYNAMICALLY LOADED ROW in 'LOG MESSAGES' Table web-element was loading: 0.016 seconds.
2023-02-27 11:23:20 INFO  Waitings:40 - TOTAL TIME that the NEXT DYNAMICALLY LOADED ROW in 'LOG MESSAGES' Table web-element was loading: 0.028 seconds.
2023-02-27 11:23:20 INFO  Waitings:40 - TOTAL TIME that the NEXT DYNAMICALLY LOADED ROW in 'LOG MESSAGES' Table web-element was loading: 0.023 seconds.
2023-02-27 11:23:20 INFO  Waitings:40 - TOTAL TIME that the NEXT DYNAMICALLY LOADED ROW in 'LOG MESSAGES' Table web-element was loading: 0.023 seconds.
2023-02-27 11:23:20 INFO  Waitings:40 - TOTAL TIME that the NEXT DYNAMICALLY LOADED ROW in 'LOG MESSAGES' Table web-element was loading: 0.023 seconds.
2023-02-27 11:23:20 INFO  Waitings:40 - TOTAL TIME that the NEXT DYNAMICALLY LOADED ROW in 'LOG MESSAGES' Table web-element was loading: 0.023 seconds.
The TOTAL number of rows in LOG MESSAGES table is: 51
The height of the vertical scroll bar in 'LOG MESSAGES' table is: 102
Number of TBODY tags in the 'RESULTS OF CSR ANALYSIS popup -> LOG MESSAGES table': 8
Number of TR tags in TBODY [1] tag in the 'RESULTS OF CSR ANALYSIS popup -> LOG MESSAGES table': 10
2023-02-27 11:23:20 INFO  Waitings:40 - TOTAL TIME that the NEXT DYNAMICALLY LOADED ROW in 'LOG MESSAGES' Table web-element was loading: 0.014 seconds.
Value from MESSAGE TEXT column, row #1 from BLOCK #1 is:CSR analysis for CSR object DE01      SHOP started
2023-02-27 11:23:20 WARN  ComparePostprocessingResults:295 - Retrieved 'Document number' consists of 2 instead of expected 20 digits!
2023-02-27 11:23:21 INFO  Waitings:40 - TOTAL TIME that the NEXT DYNAMICALLY LOADED ROW in 'LOG MESSAGES' Table web-element was loading: 0.027 seconds.
Value from MESSAGE TEXT column, row #2 from BLOCK #1 is:Sales hours factory calendar  of station  invalid
2023-02-27 11:23:21 WARN  ComparePostprocessingResults:295 - Retrieved 'Document number' consists of 0 instead of expected 20 digits!
2023-02-27 11:23:21 INFO  Waitings:40 - TOTAL TIME that the NEXT DYNAMICALLY LOADED ROW in 'LOG MESSAGES' Table web-element was loading: 0.028 seconds.
Value from MESSAGE TEXT column, row #3 from BLOCK #1 is:CSR analysis for CSR object DE01      SHOP completed
2023-02-27 11:23:21 WARN  ComparePostprocessingResults:295 - Retrieved 'Document number' consists of 2 instead of expected 20 digits!
2023-02-27 11:23:21 INFO  Waitings:40 - TOTAL TIME that the NEXT DYNAMICALLY LOADED ROW in 'LOG MESSAGES' Table web-element was loading: 0.019 seconds.
Value from MESSAGE TEXT column, row #4 from BLOCK #1 is:CSR analysis for CSR object DE01      AGEN started
2023-02-27 11:23:21 WARN  ComparePostprocessingResults:295 - Retrieved 'Document number' consists of 2 instead of expected 20 digits!
2023-02-27 11:23:21 INFO  Waitings:40 - TOTAL TIME that the NEXT DYNAMICALLY LOADED ROW in 'LOG MESSAGES' Table web-element was loading: 0.02 seconds.
Value from MESSAGE TEXT column, row #5 from BLOCK #1 is:Order time for 00000000000000000550 determined using reorder point
2023-02-27 11:23:21 INFO  ComparePostprocessingResults:293 - DOCUMENT NUMBER was successfully retrieved from the LOG table. It is equal to '00000000000000000550' 
2023-02-27 11:23:21 INFO  Waitings:40 - TOTAL TIME that the NEXT DYNAMICALLY LOADED ROW in 'LOG MESSAGES' Table web-element was loading: 0.022 seconds.
Value from MESSAGE TEXT column, row #6 from BLOCK #1 is:Order time for 00000000000000000551 determined using reorder point
2023-02-27 11:23:21 INFO  ComparePostprocessingResults:293 - DOCUMENT NUMBER was successfully retrieved from the LOG table. It is equal to '00000000000000000551' 
2023-02-27 11:23:21 INFO  Waitings:40 - TOTAL TIME that the NEXT DYNAMICALLY LOADED ROW in 'LOG MESSAGES' Table web-element was loading: 0.022 seconds.
Value from MESSAGE TEXT column, row #7 from BLOCK #1 is:Order time for 00000000000000000552 determined using reorder point
2023-02-27 11:23:21 INFO  ComparePostprocessingResults:293 - DOCUMENT NUMBER was successfully retrieved from the LOG table. It is equal to '00000000000000000552' 
2023-02-27 11:23:21 INFO  Waitings:40 - TOTAL TIME that the NEXT DYNAMICALLY LOADED ROW in 'LOG MESSAGES' Table web-element was loading: 0.022 seconds.
Value from MESSAGE TEXT column, row #8 from BLOCK #1 is:Order time for 00000000000000000553 determined using reorder point
2023-02-27 11:23:21 INFO  ComparePostprocessingResults:293 - DOCUMENT NUMBER was successfully retrieved from the LOG table. It is equal to '00000000000000000553' 
2023-02-27 11:23:21 INFO  Waitings:40 - TOTAL TIME that the NEXT DYNAMICALLY LOADED ROW in 'LOG MESSAGES' Table web-element was loading: 0.022 seconds.
Value from MESSAGE TEXT column, row #9 from BLOCK #1 is:00000000000000000550 triggers purchase order
2023-02-27 11:23:21 INFO  ComparePostprocessingResults:293 - DOCUMENT NUMBER was successfully retrieved from the LOG table. It is equal to '00000000000000000550' 
2023-02-27 11:23:21 INFO  Waitings:40 - TOTAL TIME that the NEXT DYNAMICALLY LOADED ROW in 'LOG MESSAGES' Table web-element was loading: 0.023 seconds.
Value from MESSAGE TEXT column, row #10 from BLOCK #1 is:Calculated delivery date is in the past and will be adjusted
2023-02-27 11:23:21 WARN  ComparePostprocessingResults:295 - Retrieved 'Document number' consists of 0 instead of expected 20 digits!
Number of TR tags in TBODY [2] tag in the 'RESULTS OF CSR ANALYSIS popup -> LOG MESSAGES table': 6
2023-02-27 11:23:21 INFO  Waitings:40 - TOTAL TIME that the NEXT DYNAMICALLY LOADED ROW in 'LOG MESSAGES' Table web-element was loading: 0.015 seconds.
Value from MESSAGE TEXT column, row #1 from BLOCK #2 is:Order time for 00000000000000000550 determined using reorder point
2023-02-27 11:23:21 INFO  ComparePostprocessingResults:293 - DOCUMENT NUMBER was successfully retrieved from the LOG table. It is equal to '00000000000000000550' 
2023-02-27 11:23:21 INFO  Waitings:40 - TOTAL TIME that the NEXT DYNAMICALLY LOADED ROW in 'LOG MESSAGES' Table web-element was loading: 0.029 seconds.
Value from MESSAGE TEXT column, row #2 from BLOCK #2 is:Order time for 00000000000000000551 determined using reorder point
2023-02-27 11:23:21 INFO  ComparePostprocessingResults:293 - DOCUMENT NUMBER was successfully retrieved from the LOG table. It is equal to '00000000000000000551' 
2023-02-27 11:23:21 INFO  Waitings:40 - TOTAL TIME that the NEXT DYNAMICALLY LOADED ROW in 'LOG MESSAGES' Table web-element was loading: 0.03 seconds.
Value from MESSAGE TEXT column, row #3 from BLOCK #2 is:Order time for 00000000000000000552 determined using reorder point
2023-02-27 11:23:21 INFO  ComparePostprocessingResults:293 - DOCUMENT NUMBER was successfully retrieved from the LOG table. It is equal to '00000000000000000552' 
2023-02-27 11:23:21 INFO  Waitings:40 - TOTAL TIME that the NEXT DYNAMICALLY LOADED ROW in 'LOG MESSAGES' Table web-element was loading: 0.013 seconds.
Value from MESSAGE TEXT column, row #4 from BLOCK #2 is:Order time for 00000000000000000553 determined using reorder point
2023-02-27 11:23:21 INFO  ComparePostprocessingResults:293 - DOCUMENT NUMBER was successfully retrieved from the LOG table. It is equal to '00000000000000000553' 
2023-02-27 11:23:21 INFO  Waitings:40 - TOTAL TIME that the NEXT DYNAMICALLY LOADED ROW in 'LOG MESSAGES' Table web-element was loading: 0.013 seconds.
Value from MESSAGE TEXT column, row #5 from BLOCK #2 is:00000000000000000550 triggers purchase order
2023-02-27 11:23:21 INFO  ComparePostprocessingResults:293 - DOCUMENT NUMBER was successfully retrieved from the LOG table. It is equal to '00000000000000000550' 
2023-02-27 11:23:21 INFO  Waitings:40 - TOTAL TIME that the NEXT DYNAMICALLY LOADED ROW in 'LOG MESSAGES' Table web-element was loading: 0.019 seconds.
Value from MESSAGE TEXT column, row #6 from BLOCK #2 is:Order time for 00000000000000000550 determined using reorder point
2023-02-27 11:23:22 INFO  ComparePostprocessingResults:293 - DOCUMENT NUMBER was successfully retrieved from the LOG table. It is equal to '00000000000000000550' 
Number of TR tags in TBODY [3] tag in the 'RESULTS OF CSR ANALYSIS popup -> LOG MESSAGES table': 5
2023-02-27 11:23:22 INFO  Waitings:40 - TOTAL TIME that the NEXT DYNAMICALLY LOADED ROW in 'LOG MESSAGES' Table web-element was loading: 0.015 seconds.
Value from MESSAGE TEXT column, row #1 from BLOCK #3 is:Order time for 00000000000000000551 determined using reorder point
2023-02-27 11:23:22 INFO  ComparePostprocessingResults:293 - DOCUMENT NUMBER was successfully retrieved from the LOG table. It is equal to '00000000000000000551' 
2023-02-27 11:23:22 INFO  Waitings:40 - TOTAL TIME that the NEXT DYNAMICALLY LOADED ROW in 'LOG MESSAGES' Table web-element was loading: 0.02 seconds.
Value from MESSAGE TEXT column, row #2 from BLOCK #3 is:Order time for 00000000000000000552 determined using reorder point
2023-02-27 11:23:22 INFO  ComparePostprocessingResults:293 - DOCUMENT NUMBER was successfully retrieved from the LOG table. It is equal to '00000000000000000552' 
2023-02-27 11:23:22 INFO  Waitings:40 - TOTAL TIME that the NEXT DYNAMICALLY LOADED ROW in 'LOG MESSAGES' Table web-element was loading: 0.022 seconds.
Value from MESSAGE TEXT column, row #3 from BLOCK #3 is:Order time for 00000000000000000553 determined using reorder point
2023-02-27 11:23:22 INFO  ComparePostprocessingResults:293 - DOCUMENT NUMBER was successfully retrieved from the LOG table. It is equal to '00000000000000000553' 
2023-02-27 11:23:22 INFO  Waitings:40 - TOTAL TIME that the NEXT DYNAMICALLY LOADED ROW in 'LOG MESSAGES' Table web-element was loading: 0.023 seconds.
Value from MESSAGE TEXT column, row #4 from BLOCK #3 is:00000000000000000550 triggers purchase order
2023-02-27 11:23:22 INFO  ComparePostprocessingResults:293 - DOCUMENT NUMBER was successfully retrieved from the LOG table. It is equal to '00000000000000000550' 
2023-02-27 11:23:22 INFO  Waitings:40 - TOTAL TIME that the NEXT DYNAMICALLY LOADED ROW in 'LOG MESSAGES' Table web-element was loading: 0.022 seconds.
Value from MESSAGE TEXT column, row #5 from BLOCK #3 is:CSR analysis for CSR object DE01      AGEN completed
2023-02-27 11:23:22 WARN  ComparePostprocessingResults:295 - Retrieved 'Document number' consists of 2 instead of expected 20 digits!
Number of TR tags in TBODY [4] tag in the 'RESULTS OF CSR ANALYSIS popup -> LOG MESSAGES table': 6
2023-02-27 11:23:22 INFO  Waitings:40 - TOTAL TIME that the NEXT DYNAMICALLY LOADED ROW in 'LOG MESSAGES' Table web-element was loading: 0.014 seconds.
Value from MESSAGE TEXT column, row #1 from BLOCK #4 is:Change order 4308 for CSR object LOCATION DE01      AGEN
2023-02-27 11:23:22 WARN  ComparePostprocessingResults:295 - Retrieved 'Document number' consists of 6 instead of expected 20 digits!
2023-02-27 11:23:22 INFO  Waitings:40 - TOTAL TIME that the NEXT DYNAMICALLY LOADED ROW in 'LOG MESSAGES' Table web-element was loading: 0.025 seconds.
Value from MESSAGE TEXT column, row #2 from BLOCK #4 is:SCSD Standard Order 4308 has been saved.
2023-02-27 11:23:22 WARN  ComparePostprocessingResults:295 - Retrieved 'Document number' consists of 4 instead of expected 20 digits!
2023-02-27 11:23:22 INFO  Waitings:40 - TOTAL TIME that the NEXT DYNAMICALLY LOADED ROW in 'LOG MESSAGES' Table web-element was loading: 0.029 seconds.
Value from MESSAGE TEXT column, row #3 from BLOCK #4 is:The sales document is not yet complete: Edit data
2023-02-27 11:23:22 WARN  ComparePostprocessingResults:295 - Retrieved 'Document number' consists of 0 instead of expected 20 digits!
2023-02-27 11:23:22 INFO  Waitings:40 - TOTAL TIME that the NEXT DYNAMICALLY LOADED ROW in 'LOG MESSAGES' Table web-element was loading: 0.027 seconds.
Value from MESSAGE TEXT column, row #4 from BLOCK #4 is:VBAKKOM has been processed successfully
2023-02-27 11:23:22 WARN  ComparePostprocessingResults:295 - Retrieved 'Document number' consists of 0 instead of expected 20 digits!
2023-02-27 11:23:22 INFO  Waitings:40 - TOTAL TIME that the NEXT DYNAMICALLY LOADED ROW in 'LOG MESSAGES' Table web-element was loading: 0.028 seconds.
Value from MESSAGE TEXT column, row #5 from BLOCK #4 is:VBAPKOM has been processed successfully
2023-02-27 11:23:22 WARN  ComparePostprocessingResults:295 - Retrieved 'Document number' consists of 0 instead of expected 20 digits!
2023-02-27 11:23:22 INFO  Waitings:40 - TOTAL TIME that the NEXT DYNAMICALLY LOADED ROW in 'LOG MESSAGES' Table web-element was loading: 0.025 seconds.
Value from MESSAGE TEXT column, row #6 from BLOCK #4 is:VBAPKOM has been processed successfully
2023-02-27 11:23:22 WARN  ComparePostprocessingResults:295 - Retrieved 'Document number' consists of 0 instead of expected 20 digits!
Number of TR tags in TBODY [5] tag in the 'RESULTS OF CSR ANALYSIS popup -> LOG MESSAGES table': 6
2023-02-27 11:23:22 INFO  Waitings:40 - TOTAL TIME that the NEXT DYNAMICALLY LOADED ROW in 'LOG MESSAGES' Table web-element was loading: 0.015 seconds.
Value from MESSAGE TEXT column, row #1 from BLOCK #5 is:VBAPKOM has been processed successfully
2023-02-27 11:23:22 WARN  ComparePostprocessingResults:295 - Retrieved 'Document number' consists of 0 instead of expected 20 digits!
2023-02-27 11:23:23 INFO  Waitings:40 - TOTAL TIME that the NEXT DYNAMICALLY LOADED ROW in 'LOG MESSAGES' Table web-element was loading: 0.02 seconds.
Value from MESSAGE TEXT column, row #2 from BLOCK #5 is:VBAPKOM has been processed successfully
2023-02-27 11:23:23 WARN  ComparePostprocessingResults:295 - Retrieved 'Document number' consists of 0 instead of expected 20 digits!
2023-02-27 11:23:23 INFO  Waitings:40 - TOTAL TIME that the NEXT DYNAMICALLY LOADED ROW in 'LOG MESSAGES' Table web-element was loading: 0.019 seconds.
Value from MESSAGE TEXT column, row #3 from BLOCK #5 is:VBEPKOM has been processed successfully
2023-02-27 11:23:23 WARN  ComparePostprocessingResults:295 - Retrieved 'Document number' consists of 0 instead of expected 20 digits!
2023-02-27 11:23:23 INFO  Waitings:40 - TOTAL TIME that the NEXT DYNAMICALLY LOADED ROW in 'LOG MESSAGES' Table web-element was loading: 0.02 seconds.
Value from MESSAGE TEXT column, row #4 from BLOCK #5 is:Items in order 4308 were adjusted
2023-02-27 11:23:23 WARN  ComparePostprocessingResults:295 - Retrieved 'Document number' consists of 4 instead of expected 20 digits!
2023-02-27 11:23:23 INFO  Waitings:40 - TOTAL TIME that the NEXT DYNAMICALLY LOADED ROW in 'LOG MESSAGES' Table web-element was loading: 0.021 seconds.
Value from MESSAGE TEXT column, row #5 from BLOCK #5 is:Change order 4309 for CSR object LOCATION DE01      AGEN
2023-02-27 11:23:23 WARN  ComparePostprocessingResults:295 - Retrieved 'Document number' consists of 6 instead of expected 20 digits!
2023-02-27 11:23:23 INFO  Waitings:40 - TOTAL TIME that the NEXT DYNAMICALLY LOADED ROW in 'LOG MESSAGES' Table web-element was loading: 0.019 seconds.
Value from MESSAGE TEXT column, row #6 from BLOCK #5 is:SCSD Standard Order 4309 has been saved.
2023-02-27 11:23:23 WARN  ComparePostprocessingResults:295 - Retrieved 'Document number' consists of 4 instead of expected 20 digits!
Number of TR tags in TBODY [6] tag in the 'RESULTS OF CSR ANALYSIS popup -> LOG MESSAGES table': 6
2023-02-27 11:23:23 INFO  Waitings:40 - TOTAL TIME that the NEXT DYNAMICALLY LOADED ROW in 'LOG MESSAGES' Table web-element was loading: 0.014 seconds.
Value from MESSAGE TEXT column, row #1 from BLOCK #6 is:The sales document is not yet complete: Edit data
2023-02-27 11:23:23 WARN  ComparePostprocessingResults:295 - Retrieved 'Document number' consists of 0 instead of expected 20 digits!
2023-02-27 11:23:23 INFO  Waitings:40 - TOTAL TIME that the NEXT DYNAMICALLY LOADED ROW in 'LOG MESSAGES' Table web-element was loading: 0.02 seconds.
Value from MESSAGE TEXT column, row #2 from BLOCK #6 is:VBAKKOM has been processed successfully
2023-02-27 11:23:23 WARN  ComparePostprocessingResults:295 - Retrieved 'Document number' consists of 0 instead of expected 20 digits!
2023-02-27 11:23:23 INFO  Waitings:40 - TOTAL TIME that the NEXT DYNAMICALLY LOADED ROW in 'LOG MESSAGES' Table web-element was loading: 0.02 seconds.
Value from MESSAGE TEXT column, row #3 from BLOCK #6 is:VBAPKOM has been processed successfully
2023-02-27 11:23:23 WARN  ComparePostprocessingResults:295 - Retrieved 'Document number' consists of 0 instead of expected 20 digits!
2023-02-27 11:23:23 INFO  Waitings:40 - TOTAL TIME that the NEXT DYNAMICALLY LOADED ROW in 'LOG MESSAGES' Table web-element was loading: 0.016 seconds.
Value from MESSAGE TEXT column, row #4 from BLOCK #6 is:VBAPKOM has been processed successfully
2023-02-27 11:23:23 WARN  ComparePostprocessingResults:295 - Retrieved 'Document number' consists of 0 instead of expected 20 digits!
2023-02-27 11:23:23 INFO  Waitings:40 - TOTAL TIME that the NEXT DYNAMICALLY LOADED ROW in 'LOG MESSAGES' Table web-element was loading: 0.014 seconds.
Value from MESSAGE TEXT column, row #5 from BLOCK #6 is:VBAPKOM has been processed successfully
2023-02-27 11:23:23 WARN  ComparePostprocessingResults:295 - Retrieved 'Document number' consists of 0 instead of expected 20 digits!
2023-02-27 11:23:23 INFO  Waitings:40 - TOTAL TIME that the NEXT DYNAMICALLY LOADED ROW in 'LOG MESSAGES' Table web-element was loading: 0.013 seconds.
Value from MESSAGE TEXT column, row #6 from BLOCK #6 is:VBAPKOM has been processed successfully
2023-02-27 11:23:23 WARN  ComparePostprocessingResults:295 - Retrieved 'Document number' consists of 0 instead of expected 20 digits!
Number of TR tags in TBODY [7] tag in the 'RESULTS OF CSR ANALYSIS popup -> LOG MESSAGES table': 6
2023-02-27 11:23:23 INFO  Waitings:40 - TOTAL TIME that the NEXT DYNAMICALLY LOADED ROW in 'LOG MESSAGES' Table web-element was loading: 0.016 seconds.
Value from MESSAGE TEXT column, row #1 from BLOCK #7 is:VBEPKOM has been processed successfully
2023-02-27 11:23:23 WARN  ComparePostprocessingResults:295 - Retrieved 'Document number' consists of 0 instead of expected 20 digits!
2023-02-27 11:23:23 INFO  Waitings:40 - TOTAL TIME that the NEXT DYNAMICALLY LOADED ROW in 'LOG MESSAGES' Table web-element was loading: 0.021 seconds.
Value from MESSAGE TEXT column, row #2 from BLOCK #7 is:Items in order 4309 were adjusted
2023-02-27 11:23:23 WARN  ComparePostprocessingResults:295 - Retrieved 'Document number' consists of 4 instead of expected 20 digits!
2023-02-27 11:23:23 INFO  Waitings:40 - TOTAL TIME that the NEXT DYNAMICALLY LOADED ROW in 'LOG MESSAGES' Table web-element was loading: 0.024 seconds.
Value from MESSAGE TEXT column, row #3 from BLOCK #7 is:Change order 4310 for CSR object LOCATION DE01      AGEN
2023-02-27 11:23:23 WARN  ComparePostprocessingResults:295 - Retrieved 'Document number' consists of 6 instead of expected 20 digits!
2023-02-27 11:23:23 INFO  Waitings:40 - TOTAL TIME that the NEXT DYNAMICALLY LOADED ROW in 'LOG MESSAGES' Table web-element was loading: 0.023 seconds.
Value from MESSAGE TEXT column, row #4 from BLOCK #7 is:SCSD Standard Order 4310 has been saved.
2023-02-27 11:23:23 WARN  ComparePostprocessingResults:295 - Retrieved 'Document number' consists of 4 instead of expected 20 digits!
2023-02-27 11:23:24 INFO  Waitings:40 - TOTAL TIME that the NEXT DYNAMICALLY LOADED ROW in 'LOG MESSAGES' Table web-element was loading: 0.024 seconds.
Value from MESSAGE TEXT column, row #5 from BLOCK #7 is:The sales document is not yet complete: Edit data
2023-02-27 11:23:24 WARN  ComparePostprocessingResults:295 - Retrieved 'Document number' consists of 0 instead of expected 20 digits!
2023-02-27 11:23:24 INFO  Waitings:40 - TOTAL TIME that the NEXT DYNAMICALLY LOADED ROW in 'LOG MESSAGES' Table web-element was loading: 0.023 seconds.
Value from MESSAGE TEXT column, row #6 from BLOCK #7 is:VBAKKOM has been processed successfully
2023-02-27 11:23:24 WARN  ComparePostprocessingResults:295 - Retrieved 'Document number' consists of 0 instead of expected 20 digits!
Number of TR tags in TBODY [8] tag in the 'RESULTS OF CSR ANALYSIS popup -> LOG MESSAGES table': 6
2023-02-27 11:23:24 INFO  Waitings:40 - TOTAL TIME that the NEXT DYNAMICALLY LOADED ROW in 'LOG MESSAGES' Table web-element was loading: 0.014 seconds.
Value from MESSAGE TEXT column, row #1 from BLOCK #8 is:VBAPKOM has been processed successfully
2023-02-27 11:23:24 WARN  ComparePostprocessingResults:295 - Retrieved 'Document number' consists of 0 instead of expected 20 digits!
2023-02-27 11:23:24 INFO  Waitings:40 - TOTAL TIME that the NEXT DYNAMICALLY LOADED ROW in 'LOG MESSAGES' Table web-element was loading: 0.027 seconds.
Value from MESSAGE TEXT column, row #2 from BLOCK #8 is:VBAPKOM has been processed successfully
2023-02-27 11:23:24 WARN  ComparePostprocessingResults:295 - Retrieved 'Document number' consists of 0 instead of expected 20 digits!
2023-02-27 11:23:24 INFO  Waitings:40 - TOTAL TIME that the NEXT DYNAMICALLY LOADED ROW in 'LOG MESSAGES' Table web-element was loading: 0.02 seconds.
Value from MESSAGE TEXT column, row #3 from BLOCK #8 is:VBAPKOM has been processed successfully
2023-02-27 11:23:24 WARN  ComparePostprocessingResults:295 - Retrieved 'Document number' consists of 0 instead of expected 20 digits!
2023-02-27 11:23:24 INFO  Waitings:40 - TOTAL TIME that the NEXT DYNAMICALLY LOADED ROW in 'LOG MESSAGES' Table web-element was loading: 0.019 seconds.
Value from MESSAGE TEXT column, row #4 from BLOCK #8 is:VBAPKOM has been processed successfully
2023-02-27 11:23:24 WARN  ComparePostprocessingResults:295 - Retrieved 'Document number' consists of 0 instead of expected 20 digits!
2023-02-27 11:23:24 INFO  Waitings:40 - TOTAL TIME that the NEXT DYNAMICALLY LOADED ROW in 'LOG MESSAGES' Table web-element was loading: 0.02 seconds.
Value from MESSAGE TEXT column, row #5 from BLOCK #8 is:VBEPKOM has been processed successfully
2023-02-27 11:23:24 WARN  ComparePostprocessingResults:295 - Retrieved 'Document number' consists of 0 instead of expected 20 digits!
2023-02-27 11:23:24 INFO  Waitings:40 - TOTAL TIME that the NEXT DYNAMICALLY LOADED ROW in 'LOG MESSAGES' Table web-element was loading: 0.019 seconds.
Value from MESSAGE TEXT column, row #6 from BLOCK #8 is:Items in order 4310 were adjusted
2023-02-27 11:23:24 WARN  ComparePostprocessingResults:295 - Retrieved 'Document number' consists of 4 instead of expected 20 digits!
Retrieved values from 'MESSAGE TEXT' column: 00000000000000000550
Retrieved values from 'MESSAGE TEXT' column: 00000000000000000551
Retrieved values from 'MESSAGE TEXT' column: 00000000000000000552
Retrieved values from 'MESSAGE TEXT' column: 00000000000000000553
Retrieved values from 'MESSAGE TEXT' column: 00000000000000000550
Retrieved values from 'MESSAGE TEXT' column: 00000000000000000550
Retrieved values from 'MESSAGE TEXT' column: 00000000000000000551
Retrieved values from 'MESSAGE TEXT' column: 00000000000000000552
Retrieved values from 'MESSAGE TEXT' column: 00000000000000000553
Retrieved values from 'MESSAGE TEXT' column: 00000000000000000550
Retrieved values from 'MESSAGE TEXT' column: 00000000000000000550
Retrieved values from 'MESSAGE TEXT' column: 00000000000000000551
Retrieved values from 'MESSAGE TEXT' column: 00000000000000000552
Retrieved values from 'MESSAGE TEXT' column: 00000000000000000553
Retrieved values from 'MESSAGE TEXT' column: 00000000000000000550
Element at the index 0 is ::00000000000000000550
Element at the index 1 is ::00000000000000000551
Element at the index 2 is ::00000000000000000552
Element at the index 3 is ::00000000000000000553
Element at the index 4 is ::00000000000000000550
Element at the index 5 is ::00000000000000000550
Element at the index 6 is ::00000000000000000551
Element at the index 7 is ::00000000000000000552
Element at the index 8 is ::00000000000000000553
Element at the index 9 is ::00000000000000000550
Element at the index 10 is ::00000000000000000550
Element at the index 11 is ::00000000000000000551
Element at the index 12 is ::00000000000000000552
Element at the index 13 is ::00000000000000000553
Element at the index 14 is ::00000000000000000550
Size of Array:15
RETRIEVED 'DELIVERY IDs': 00000000000000000550
RETRIEVED 'DELIVERY IDs': 00000000000000000551
RETRIEVED 'DELIVERY IDs': 00000000000000000552
RETRIEVED 'DELIVERY IDs': 00000000000000000553
RETRIEVED 'DELIVERY IDs': 00000000000000000550
RETRIEVED 'DELIVERY IDs': 00000000000000000550
RETRIEVED 'DELIVERY IDs': 00000000000000000551
RETRIEVED 'DELIVERY IDs': 00000000000000000552
RETRIEVED 'DELIVERY IDs': 00000000000000000553
RETRIEVED 'DELIVERY IDs': 00000000000000000550
RETRIEVED 'DELIVERY IDs': 00000000000000000550
RETRIEVED 'DELIVERY IDs': 00000000000000000551
RETRIEVED 'DELIVERY IDs': 00000000000000000552
RETRIEVED 'DELIVERY IDs': 00000000000000000553
RETRIEVED 'DELIVERY IDs': 00000000000000000550
RETRIEVED UNIQUE 'DOCUMENT NUMBERS after processing': 00000000000000000550
2023-02-27 11:23:25 INFO  ComparePostprocessingResults:80 - RETRIEVED UNIQUE 'DOCUMENT NUMBERS after processing': 00000000000000000550
RETRIEVED UNIQUE 'DOCUMENT NUMBERS after processing': 00000000000000000551
2023-02-27 11:23:25 INFO  ComparePostprocessingResults:80 - RETRIEVED UNIQUE 'DOCUMENT NUMBERS after processing': 00000000000000000551
RETRIEVED UNIQUE 'DOCUMENT NUMBERS after processing': 00000000000000000552
2023-02-27 11:23:25 INFO  ComparePostprocessingResults:80 - RETRIEVED UNIQUE 'DOCUMENT NUMBERS after processing': 00000000000000000552
RETRIEVED UNIQUE 'DOCUMENT NUMBERS after processing': 00000000000000000553
2023-02-27 11:23:25 INFO  ComparePostprocessingResults:80 - RETRIEVED UNIQUE 'DOCUMENT NUMBERS after processing': 00000000000000000553
2023-02-27 11:23:26 INFO  Test_Cases:408 - The number of UNIQUE DELIVERY IDs before and after POSTPROCESSING is THE SAME: 4 vs. 4, AS EXPECTED.
2023-02-27 11:23:26 INFO  Test_Cases:416 - The number of UNIQUE DOCUMENTS before and after POSTPROCESSING is THE SAME: 4 vs. 4, AS EXPECTED.
The UNIQUE DOCUMENTS before and after processing are THE SAME.
2023-02-27 11:23:26 INFO  Test_Cases:420 - The UNIQUE DOCUMENTS before and after processing are THE SAME.
2023-02-27 11:23:26 INFO  Test_Cases:453 - The number of UNIQUE DELIVERY IDs is THE SAME as the number of UNIQUE DOCUMENT NUMBERS after POSTPROCESSING: 4 vs. 4, AS EXPECTED.
2023-02-27 11:23:26 INFO  ComparePostprocessingResults:44 - The CLOSE button on the RESULTS OF CSR ANALYSIS popup was clicked SUCCESSFULLY.
]]></system-out>
  </testcase>
</testsuite>