<?xml version="1.0" encoding="UTF-8"?>
<testsuite xmlns:xsi="http://www.w3.org/2001/XMLSchema-instance" xsi:noNamespaceSchemaLocation="https://maven.apache.org/surefire/maven-surefire-plugin/xsd/surefire-test-report.xsd" name="TestSuite" time="135.369" tests="6" errors="0" skipped="0" failures="0">
  <properties>
[...]
</properties>
  <testcase name="open_RFNO_CSR_Page_Testing" classname="org.project.Test_Cases" time="13.83"/>
  <testcase name="findAndSelectGroupInLocator_Testing" classname="org.project.Test_Cases" time="14.47"/>
  <testcase name="prior_CSR_Analysis_Results_Testing" classname="org.project.Test_Cases" time="11.39"/>
  <testcase name="readAnalysisAndLogTables_beforeProcessing_Testing" classname="org.project.Test_Cases" time="16.143"/>
  <testcase name="make_Postprocessing_Testing" classname="org.project.Test_Cases" time="22.636"/>
  <testcase name="finalize_CompareNewDocumentsWithOld_Testing" classname="org.project.Test_Cases" time="36.067"/>
</testsuite>